Removed Pin From Net: NetName=dCS Pin=IC1-8
Removed Pin From Net: NetName=dSCLK Pin=IC1-9
Removed Pin From Net: NetName=dMOSI Pin=IC1-10
Removed Pin From Net: NetName=aD0 Pin=IC1-19
Removed Pin From Net: NetName=aD1 Pin=IC1-22
Removed Pin From Net: NetName=aD2 Pin=IC1-23
Removed Pin From Net: NetName=aD3 Pin=IC1-24
Removed Pin From Net: NetName=aD4 Pin=IC1-25
Removed Pin From Net: NetName=aD5 Pin=IC1-26
Removed Pin From Net: NetName=aD6 Pin=IC1-28
Removed Pin From Net: NetName=aD7 Pin=IC1-29
Removed Pin From Net: NetName=aD8 Pin=IC1-31
Removed Pin From Net: NetName=aD9 Pin=IC1-32
Removed Pin From Net: NetName=aD10 Pin=IC1-33
Removed Pin From Net: NetName=aD11 Pin=IC1-34
Removed Pin From Net: NetName=aoof Pin=IC1-35
Added Pin To Net: NetName=aoof Pin=IC1-12
Added Pin To Net: NetName=aD11 Pin=IC1-15
Added Pin To Net: NetName=aD10 Pin=IC1-16
Added Pin To Net: NetName=aD9 Pin=IC1-17
Added Pin To Net: NetName=aD8 Pin=IC1-18
Added Pin To Net: NetName=aD7 Pin=IC1-19
Added Pin To Net: NetName=aD6 Pin=IC1-22
Added Pin To Net: NetName=aD5 Pin=IC1-23
Added Pin To Net: NetName=aD4 Pin=IC1-24
Added Pin To Net: NetName=aD3 Pin=IC1-25
Added Pin To Net: NetName=aD2 Pin=IC1-26
Added Pin To Net: NetName=aD1 Pin=IC1-28
Added Pin To Net: NetName=aD0 Pin=IC1-29
Added Pin To Net: NetName=dMOSI Pin=IC1-32
Added Pin To Net: NetName=dSCLK Pin=IC1-33
Added Pin To Net: NetName=dCS Pin=IC1-34
