Change Component Comment : Designator=R9 Old Comment=4k7 New Comment=1.6K,1%
Change Component Comment : Designator=R1 Old Comment=4k7 New Comment=1k
Change Component Comment : Designator=R20 Old Comment=4k7 New Comment=2k
Change Component Comment : Designator=R2 Old Comment=4k7 New Comment=10k
Change Component Comment : Designator=R3 Old Comment=4k7 New Comment=10k
Change Component Comment : Designator=R4 Old Comment=4k7 New Comment=10k
Change Component Comment : Designator=R5 Old Comment=4k7 New Comment=10k
Change Component Comment : Designator=R6 Old Comment=4k7 New Comment=10k
Change Component Comment : Designator=R17 Old Comment=4k7 New Comment=10k
Change Component Comment : Designator=R18 Old Comment=4k7 New Comment=10k
Change Component Comment : Designator=R19 Old Comment=4k7 New Comment=10k
Change Component Comment : Designator=R26 Old Comment=4k7 New Comment=10k
Change Component Comment : Designator=R28 Old Comment=4k7 New Comment=10k
Change Component Comment : Designator=R29 Old Comment=4k7 New Comment=10k
Change Component Comment : Designator=R12 Old Comment=4k7 New Comment=12k
Change Component Comment : Designator=R21 Old Comment=4k7 New Comment=12k
Change Component Comment : Designator=R10 Old Comment=4k7 New Comment=22
Change Component Comment : Designator=R11 Old Comment=4k7 New Comment=22
Change Component Comment : Designator=R30 Old Comment=4k7 New Comment=33k
Change Component Comment : Designator=R22 Old Comment=4k7 New Comment=84.5
Change Component Comment : Designator=R23 Old Comment=4k7 New Comment=84.5
Change Component Comment : Designator=R7 Old Comment=4k7 New Comment=100
Change Component Comment : Designator=R8 Old Comment=4k7 New Comment=100
Change Component Comment : Designator=R27 Old Comment=4k7 New Comment=100k
Change Component Comment : Designator=R24 Old Comment=4k7 New Comment=158
Change Component Comment : Designator=R25 Old Comment=4k7 New Comment=158
Change Component Comment : Designator=R16 Old Comment=4k7 New Comment=280
Change Component Comment : Designator=R13 Old Comment=4k7 New Comment=330
Change Component Comment : Designator=R14 Old Comment=4k7 New Comment=330
Change Component Comment : Designator=R15 Old Comment=4k7 New Comment=330
Change Component Comment : Designator=R33 Old Comment=694 New Comment=1k
Change component parameters: Designator = "C69" ("C69"); Footprint = "SM0603 _3D_cap"; UniqueID = "\DUWXGGBD" ("\DUWXGGBD")
Change component parameters (AddParameter): Name = "LatestRevisionDate"; Value = "17-Jul-2002"; VariantName = "[No Variations]"
Change component parameters (AddParameter): Name = "LatestRevisionNote"; Value = "Re-released for DXP Platform."; VariantName = "[No Variations]"
Change component parameters (AddParameter): Name = "PackageDescription"; Value = "Radial Cap, Thru-Hole; 2 Leads; 0.3 in Pin Spacing"; VariantName = "[No Variations]"
Change component parameters (AddParameter): Name = "PackageReference"; Value = "RAD-0.3"; VariantName = "[No Variations]"
Change component parameters (AddParameter): Name = "Published"; Value = "8-Jun-2000"; VariantName = "[No Variations]"
Change component parameters (AddParameter): Name = "Publisher"; Value = "Altium Limited"; VariantName = "[No Variations]"
Change component parameters (AddParameter): Name = "Value"; Value = "4.7"; VariantName = "[No Variations]"
Added Pin To Net: NetName=ft_adb3 Pin=IC1-74
Added Pin To Net: NetName=ft_adb3 Pin=IC3-16
Added Net: Name=ft_adb3
Added Pin To Net: NetName=ft_adb5 Pin=IC1-73
Added Pin To Net: NetName=ft_adb5 Pin=IC3-18
Added Net: Name=ft_adb5
