Added Component: Designator=C1(SM0603 _3D_cap)
Add component (AddParameter): Name = "LatestRevisionDate"; Value = "17-Jul-2002"; VariantName = "[No Variations]"
Add component (AddParameter): Name = "LatestRevisionNote"; Value = "Re-released for DXP Platform."; VariantName = "[No Variations]"
Add component (AddParameter): Name = "PackageDescription"; Value = "Radial Cap, Thru-Hole; 2 Leads; 0.3 in Pin Spacing"; VariantName = "[No Variations]"
Add component (AddParameter): Name = "PackageReference"; Value = "RAD-0.3"; VariantName = "[No Variations]"
Add component (AddParameter): Name = "Published"; Value = "8-Jun-2000"; VariantName = "[No Variations]"
Add component (AddParameter): Name = "Publisher"; Value = "Altium Limited"; VariantName = "[No Variations]"
Add component (AddParameter): Name = "Value"; Value = "0.1"; VariantName = "[No Variations]"
Added Component: Designator=C2(SM0603 _3D_cap)
Add component (AddParameter): Name = "LatestRevisionDate"; Value = "17-Jul-2002"; VariantName = "[No Variations]"
Add component (AddParameter): Name = "LatestRevisionNote"; Value = "Re-released for DXP Platform."; VariantName = "[No Variations]"
Add component (AddParameter): Name = "PackageDescription"; Value = "Radial Cap, Thru-Hole; 2 Leads; 0.3 in Pin Spacing"; VariantName = "[No Variations]"
Add component (AddParameter): Name = "PackageReference"; Value = "RAD-0.3"; VariantName = "[No Variations]"
Add component (AddParameter): Name = "Published"; Value = "8-Jun-2000"; VariantName = "[No Variations]"
Add component (AddParameter): Name = "Publisher"; Value = "Altium Limited"; VariantName = "[No Variations]"
Add component (AddParameter): Name = "Value"; Value = "0.1"; VariantName = "[No Variations]"
Added Component: Designator=C3(SM0603 _3D_cap)
Add component (AddParameter): Name = "LatestRevisionDate"; Value = "17-Jul-2002"; VariantName = "[No Variations]"
Add component (AddParameter): Name = "LatestRevisionNote"; Value = "Re-released for DXP Platform."; VariantName = "[No Variations]"
Add component (AddParameter): Name = "PackageDescription"; Value = "Radial Cap, Thru-Hole; 2 Leads; 0.3 in Pin Spacing"; VariantName = "[No Variations]"
Add component (AddParameter): Name = "PackageReference"; Value = "RAD-0.3"; VariantName = "[No Variations]"
Add component (AddParameter): Name = "Published"; Value = "8-Jun-2000"; VariantName = "[No Variations]"
Add component (AddParameter): Name = "Publisher"; Value = "Altium Limited"; VariantName = "[No Variations]"
Add component (AddParameter): Name = "Value"; Value = "0.1"; VariantName = "[No Variations]"
Added Component: Designator=C4(SM0603 _3D_cap)
Add component (AddParameter): Name = "LatestRevisionDate"; Value = "17-Jul-2002"; VariantName = "[No Variations]"
Add component (AddParameter): Name = "LatestRevisionNote"; Value = "Re-released for DXP Platform."; VariantName = "[No Variations]"
Add component (AddParameter): Name = "PackageDescription"; Value = "Radial Cap, Thru-Hole; 2 Leads; 0.3 in Pin Spacing"; VariantName = "[No Variations]"
Add component (AddParameter): Name = "PackageReference"; Value = "RAD-0.3"; VariantName = "[No Variations]"
Add component (AddParameter): Name = "Published"; Value = "8-Jun-2000"; VariantName = "[No Variations]"
Add component (AddParameter): Name = "Publisher"; Value = "Altium Limited"; VariantName = "[No Variations]"
Add component (AddParameter): Name = "Value"; Value = "0.1"; VariantName = "[No Variations]"
Added Component: Designator=C5(SM0603 _3D_cap)
Add component (AddParameter): Name = "LatestRevisionDate"; Value = "17-Jul-2002"; VariantName = "[No Variations]"
Add component (AddParameter): Name = "LatestRevisionNote"; Value = "Re-released for DXP Platform."; VariantName = "[No Variations]"
Add component (AddParameter): Name = "PackageDescription"; Value = "Radial Cap, Thru-Hole; 2 Leads; 0.3 in Pin Spacing"; VariantName = "[No Variations]"
Add component (AddParameter): Name = "PackageReference"; Value = "RAD-0.3"; VariantName = "[No Variations]"
Add component (AddParameter): Name = "Published"; Value = "8-Jun-2000"; VariantName = "[No Variations]"
Add component (AddParameter): Name = "Publisher"; Value = "Altium Limited"; VariantName = "[No Variations]"
Add component (AddParameter): Name = "Value"; Value = "0.1"; VariantName = "[No Variations]"
Added Component: Designator=C6(SM0603 _3D_cap)
Add component (AddParameter): Name = "LatestRevisionDate"; Value = "17-Jul-2002"; VariantName = "[No Variations]"
Add component (AddParameter): Name = "LatestRevisionNote"; Value = "Re-released for DXP Platform."; VariantName = "[No Variations]"
Add component (AddParameter): Name = "PackageDescription"; Value = "Radial Cap, Thru-Hole; 2 Leads; 0.3 in Pin Spacing"; VariantName = "[No Variations]"
Add component (AddParameter): Name = "PackageReference"; Value = "RAD-0.3"; VariantName = "[No Variations]"
Add component (AddParameter): Name = "Published"; Value = "8-Jun-2000"; VariantName = "[No Variations]"
Add component (AddParameter): Name = "Publisher"; Value = "Altium Limited"; VariantName = "[No Variations]"
Add component (AddParameter): Name = "Value"; Value = "0.1"; VariantName = "[No Variations]"
Added Component: Designator=C7(SM0603 _3D_cap)
Add component (AddParameter): Name = "LatestRevisionDate"; Value = "17-Jul-2002"; VariantName = "[No Variations]"
Add component (AddParameter): Name = "LatestRevisionNote"; Value = "Re-released for DXP Platform."; VariantName = "[No Variations]"
Add component (AddParameter): Name = "PackageDescription"; Value = "Radial Cap, Thru-Hole; 2 Leads; 0.3 in Pin Spacing"; VariantName = "[No Variations]"
Add component (AddParameter): Name = "PackageReference"; Value = "RAD-0.3"; VariantName = "[No Variations]"
Add component (AddParameter): Name = "Published"; Value = "8-Jun-2000"; VariantName = "[No Variations]"
Add component (AddParameter): Name = "Publisher"; Value = "Altium Limited"; VariantName = "[No Variations]"
Add component (AddParameter): Name = "Value"; Value = "0.1"; VariantName = "[No Variations]"
Added Component: Designator=C8(SM0603 _3D_cap)
Add component (AddParameter): Name = "LatestRevisionDate"; Value = "17-Jul-2002"; VariantName = "[No Variations]"
Add component (AddParameter): Name = "LatestRevisionNote"; Value = "Re-released for DXP Platform."; VariantName = "[No Variations]"
Add component (AddParameter): Name = "PackageDescription"; Value = "Radial Cap, Thru-Hole; 2 Leads; 0.3 in Pin Spacing"; VariantName = "[No Variations]"
Add component (AddParameter): Name = "PackageReference"; Value = "RAD-0.3"; VariantName = "[No Variations]"
Add component (AddParameter): Name = "Published"; Value = "8-Jun-2000"; VariantName = "[No Variations]"
Add component (AddParameter): Name = "Publisher"; Value = "Altium Limited"; VariantName = "[No Variations]"
Add component (AddParameter): Name = "Value"; Value = "0.1"; VariantName = "[No Variations]"
Added Component: Designator=C9(SM0603 _3D_cap)
Add component (AddParameter): Name = "LatestRevisionDate"; Value = "17-Jul-2002"; VariantName = "[No Variations]"
Add component (AddParameter): Name = "LatestRevisionNote"; Value = "Re-released for DXP Platform."; VariantName = "[No Variations]"
Add component (AddParameter): Name = "PackageDescription"; Value = "Radial Cap, Thru-Hole; 2 Leads; 0.3 in Pin Spacing"; VariantName = "[No Variations]"
Add component (AddParameter): Name = "PackageReference"; Value = "RAD-0.3"; VariantName = "[No Variations]"
Add component (AddParameter): Name = "Published"; Value = "8-Jun-2000"; VariantName = "[No Variations]"
Add component (AddParameter): Name = "Publisher"; Value = "Altium Limited"; VariantName = "[No Variations]"
Add component (AddParameter): Name = "Value"; Value = "0.1"; VariantName = "[No Variations]"
Added Component: Designator=C10(SM0603 _3D_cap)
Add component (AddParameter): Name = "LatestRevisionDate"; Value = "17-Jul-2002"; VariantName = "[No Variations]"
Add component (AddParameter): Name = "LatestRevisionNote"; Value = "Re-released for DXP Platform."; VariantName = "[No Variations]"
Add component (AddParameter): Name = "PackageDescription"; Value = "Radial Cap, Thru-Hole; 2 Leads; 0.3 in Pin Spacing"; VariantName = "[No Variations]"
Add component (AddParameter): Name = "PackageReference"; Value = "RAD-0.3"; VariantName = "[No Variations]"
Add component (AddParameter): Name = "Published"; Value = "8-Jun-2000"; VariantName = "[No Variations]"
Add component (AddParameter): Name = "Publisher"; Value = "Altium Limited"; VariantName = "[No Variations]"
Add component (AddParameter): Name = "Value"; Value = "0.1"; VariantName = "[No Variations]"
Added Component: Designator=C11(SM0603 _3D_cap)
Add component (AddParameter): Name = "LatestRevisionDate"; Value = "17-Jul-2002"; VariantName = "[No Variations]"
Add component (AddParameter): Name = "LatestRevisionNote"; Value = "Re-released for DXP Platform."; VariantName = "[No Variations]"
Add component (AddParameter): Name = "PackageDescription"; Value = "Radial Cap, Thru-Hole; 2 Leads; 0.3 in Pin Spacing"; VariantName = "[No Variations]"
Add component (AddParameter): Name = "PackageReference"; Value = "RAD-0.3"; VariantName = "[No Variations]"
Add component (AddParameter): Name = "Published"; Value = "8-Jun-2000"; VariantName = "[No Variations]"
Add component (AddParameter): Name = "Publisher"; Value = "Altium Limited"; VariantName = "[No Variations]"
Add component (AddParameter): Name = "Value"; Value = "0.1"; VariantName = "[No Variations]"
Added Component: Designator=C12(SM0603 _3D_cap)
Add component (AddParameter): Name = "LatestRevisionDate"; Value = "17-Jul-2002"; VariantName = "[No Variations]"
Add component (AddParameter): Name = "LatestRevisionNote"; Value = "Re-released for DXP Platform."; VariantName = "[No Variations]"
Add component (AddParameter): Name = "PackageDescription"; Value = "Radial Cap, Thru-Hole; 2 Leads; 0.3 in Pin Spacing"; VariantName = "[No Variations]"
Add component (AddParameter): Name = "PackageReference"; Value = "RAD-0.3"; VariantName = "[No Variations]"
Add component (AddParameter): Name = "Published"; Value = "8-Jun-2000"; VariantName = "[No Variations]"
Add component (AddParameter): Name = "Publisher"; Value = "Altium Limited"; VariantName = "[No Variations]"
Add component (AddParameter): Name = "Value"; Value = "0.1"; VariantName = "[No Variations]"
Added Component: Designator=C13(SM0603 _3D_cap)
Add component (AddParameter): Name = "LatestRevisionDate"; Value = "17-Jul-2002"; VariantName = "[No Variations]"
Add component (AddParameter): Name = "LatestRevisionNote"; Value = "Re-released for DXP Platform."; VariantName = "[No Variations]"
Add component (AddParameter): Name = "PackageDescription"; Value = "Radial Cap, Thru-Hole; 2 Leads; 0.3 in Pin Spacing"; VariantName = "[No Variations]"
Add component (AddParameter): Name = "PackageReference"; Value = "RAD-0.3"; VariantName = "[No Variations]"
Add component (AddParameter): Name = "Published"; Value = "8-Jun-2000"; VariantName = "[No Variations]"
Add component (AddParameter): Name = "Publisher"; Value = "Altium Limited"; VariantName = "[No Variations]"
Add component (AddParameter): Name = "Value"; Value = "0.1"; VariantName = "[No Variations]"
Added Component: Designator=C14(SM0603 _3D_cap)
Add component (AddParameter): Name = "LatestRevisionDate"; Value = "17-Jul-2002"; VariantName = "[No Variations]"
Add component (AddParameter): Name = "LatestRevisionNote"; Value = "Re-released for DXP Platform."; VariantName = "[No Variations]"
Add component (AddParameter): Name = "PackageDescription"; Value = "Radial Cap, Thru-Hole; 2 Leads; 0.3 in Pin Spacing"; VariantName = "[No Variations]"
Add component (AddParameter): Name = "PackageReference"; Value = "RAD-0.3"; VariantName = "[No Variations]"
Add component (AddParameter): Name = "Published"; Value = "8-Jun-2000"; VariantName = "[No Variations]"
Add component (AddParameter): Name = "Publisher"; Value = "Altium Limited"; VariantName = "[No Variations]"
Add component (AddParameter): Name = "Value"; Value = "0.1"; VariantName = "[No Variations]"
Added Component: Designator=C15(SM0603 _3D_cap)
Add component (AddParameter): Name = "LatestRevisionDate"; Value = "17-Jul-2002"; VariantName = "[No Variations]"
Add component (AddParameter): Name = "LatestRevisionNote"; Value = "Re-released for DXP Platform."; VariantName = "[No Variations]"
Add component (AddParameter): Name = "PackageDescription"; Value = "Radial Cap, Thru-Hole; 2 Leads; 0.3 in Pin Spacing"; VariantName = "[No Variations]"
Add component (AddParameter): Name = "PackageReference"; Value = "RAD-0.3"; VariantName = "[No Variations]"
Add component (AddParameter): Name = "Published"; Value = "8-Jun-2000"; VariantName = "[No Variations]"
Add component (AddParameter): Name = "Publisher"; Value = "Altium Limited"; VariantName = "[No Variations]"
Add component (AddParameter): Name = "Value"; Value = "0.1"; VariantName = "[No Variations]"
Added Component: Designator=C16(SM0603 _3D_cap)
Add component (AddParameter): Name = "LatestRevisionDate"; Value = "17-Jul-2002"; VariantName = "[No Variations]"
Add component (AddParameter): Name = "LatestRevisionNote"; Value = "Re-released for DXP Platform."; VariantName = "[No Variations]"
Add component (AddParameter): Name = "PackageDescription"; Value = "Radial Cap, Thru-Hole; 2 Leads; 0.3 in Pin Spacing"; VariantName = "[No Variations]"
Add component (AddParameter): Name = "PackageReference"; Value = "RAD-0.3"; VariantName = "[No Variations]"
Add component (AddParameter): Name = "Published"; Value = "8-Jun-2000"; VariantName = "[No Variations]"
Add component (AddParameter): Name = "Publisher"; Value = "Altium Limited"; VariantName = "[No Variations]"
Add component (AddParameter): Name = "Value"; Value = "4.7"; VariantName = "[No Variations]"
Added Component: Designator=C17(SM0603 _3D_cap)
Add component (AddParameter): Name = "LatestRevisionDate"; Value = "17-Jul-2002"; VariantName = "[No Variations]"
Add component (AddParameter): Name = "LatestRevisionNote"; Value = "Re-released for DXP Platform."; VariantName = "[No Variations]"
Add component (AddParameter): Name = "PackageDescription"; Value = "Radial Cap, Thru-Hole; 2 Leads; 0.3 in Pin Spacing"; VariantName = "[No Variations]"
Add component (AddParameter): Name = "PackageReference"; Value = "RAD-0.3"; VariantName = "[No Variations]"
Add component (AddParameter): Name = "Published"; Value = "8-Jun-2000"; VariantName = "[No Variations]"
Add component (AddParameter): Name = "Publisher"; Value = "Altium Limited"; VariantName = "[No Variations]"
Add component (AddParameter): Name = "Value"; Value = "0.1"; VariantName = "[No Variations]"
Added Component: Designator=C18(SM0603 _3D_cap)
Add component (AddParameter): Name = "LatestRevisionDate"; Value = "17-Jul-2002"; VariantName = "[No Variations]"
Add component (AddParameter): Name = "LatestRevisionNote"; Value = "Re-released for DXP Platform."; VariantName = "[No Variations]"
Add component (AddParameter): Name = "PackageDescription"; Value = "Radial Cap, Thru-Hole; 2 Leads; 0.3 in Pin Spacing"; VariantName = "[No Variations]"
Add component (AddParameter): Name = "PackageReference"; Value = "RAD-0.3"; VariantName = "[No Variations]"
Add component (AddParameter): Name = "Published"; Value = "8-Jun-2000"; VariantName = "[No Variations]"
Add component (AddParameter): Name = "Publisher"; Value = "Altium Limited"; VariantName = "[No Variations]"
Add component (AddParameter): Name = "Value"; Value = "4.7"; VariantName = "[No Variations]"
Added Component: Designator=C19(SM0603 _3D_cap)
Add component (AddParameter): Name = "LatestRevisionDate"; Value = "17-Jul-2002"; VariantName = "[No Variations]"
Add component (AddParameter): Name = "LatestRevisionNote"; Value = "Re-released for DXP Platform."; VariantName = "[No Variations]"
Add component (AddParameter): Name = "PackageDescription"; Value = "Radial Cap, Thru-Hole; 2 Leads; 0.3 in Pin Spacing"; VariantName = "[No Variations]"
Add component (AddParameter): Name = "PackageReference"; Value = "RAD-0.3"; VariantName = "[No Variations]"
Add component (AddParameter): Name = "Published"; Value = "8-Jun-2000"; VariantName = "[No Variations]"
Add component (AddParameter): Name = "Publisher"; Value = "Altium Limited"; VariantName = "[No Variations]"
Add component (AddParameter): Name = "Value"; Value = "0.1"; VariantName = "[No Variations]"
Added Component: Designator=C20(SM0603 _3D_cap)
Add component (AddParameter): Name = "LatestRevisionDate"; Value = "17-Jul-2002"; VariantName = "[No Variations]"
Add component (AddParameter): Name = "LatestRevisionNote"; Value = "Re-released for DXP Platform."; VariantName = "[No Variations]"
Add component (AddParameter): Name = "PackageDescription"; Value = "Radial Cap, Thru-Hole; 2 Leads; 0.3 in Pin Spacing"; VariantName = "[No Variations]"
Add component (AddParameter): Name = "PackageReference"; Value = "RAD-0.3"; VariantName = "[No Variations]"
Add component (AddParameter): Name = "Published"; Value = "8-Jun-2000"; VariantName = "[No Variations]"
Add component (AddParameter): Name = "Publisher"; Value = "Altium Limited"; VariantName = "[No Variations]"
Add component (AddParameter): Name = "Value"; Value = "0.1"; VariantName = "[No Variations]"
Added Component: Designator=C21(SM0603 _3D_cap)
Add component (AddParameter): Name = "LatestRevisionDate"; Value = "17-Jul-2002"; VariantName = "[No Variations]"
Add component (AddParameter): Name = "LatestRevisionNote"; Value = "Re-released for DXP Platform."; VariantName = "[No Variations]"
Add component (AddParameter): Name = "PackageDescription"; Value = "Radial Cap, Thru-Hole; 2 Leads; 0.3 in Pin Spacing"; VariantName = "[No Variations]"
Add component (AddParameter): Name = "PackageReference"; Value = "RAD-0.3"; VariantName = "[No Variations]"
Add component (AddParameter): Name = "Published"; Value = "8-Jun-2000"; VariantName = "[No Variations]"
Add component (AddParameter): Name = "Publisher"; Value = "Altium Limited"; VariantName = "[No Variations]"
Add component (AddParameter): Name = "Value"; Value = "0.1"; VariantName = "[No Variations]"
Added Component: Designator=C22(SM0603 _3D_cap)
Add component (AddParameter): Name = "LatestRevisionDate"; Value = "17-Jul-2002"; VariantName = "[No Variations]"
Add component (AddParameter): Name = "LatestRevisionNote"; Value = "Re-released for DXP Platform."; VariantName = "[No Variations]"
Add component (AddParameter): Name = "PackageDescription"; Value = "Radial Cap, Thru-Hole; 2 Leads; 0.3 in Pin Spacing"; VariantName = "[No Variations]"
Add component (AddParameter): Name = "PackageReference"; Value = "RAD-0.3"; VariantName = "[No Variations]"
Add component (AddParameter): Name = "Published"; Value = "8-Jun-2000"; VariantName = "[No Variations]"
Add component (AddParameter): Name = "Publisher"; Value = "Altium Limited"; VariantName = "[No Variations]"
Add component (AddParameter): Name = "Value"; Value = "0.1"; VariantName = "[No Variations]"
Added Component: Designator=C23(SM0603 _3D_cap)
Add component (AddParameter): Name = "LatestRevisionDate"; Value = "17-Jul-2002"; VariantName = "[No Variations]"
Add component (AddParameter): Name = "LatestRevisionNote"; Value = "Re-released for DXP Platform."; VariantName = "[No Variations]"
Add component (AddParameter): Name = "PackageDescription"; Value = "Radial Cap, Thru-Hole; 2 Leads; 0.3 in Pin Spacing"; VariantName = "[No Variations]"
Add component (AddParameter): Name = "PackageReference"; Value = "RAD-0.3"; VariantName = "[No Variations]"
Add component (AddParameter): Name = "Published"; Value = "8-Jun-2000"; VariantName = "[No Variations]"
Add component (AddParameter): Name = "Publisher"; Value = "Altium Limited"; VariantName = "[No Variations]"
Add component (AddParameter): Name = "Value"; Value = "4.7"; VariantName = "[No Variations]"
Added Component: Designator=C24(SM0603 _3D_cap)
Add component (AddParameter): Name = "LatestRevisionDate"; Value = "17-Jul-2002"; VariantName = "[No Variations]"
Add component (AddParameter): Name = "LatestRevisionNote"; Value = "Re-released for DXP Platform."; VariantName = "[No Variations]"
Add component (AddParameter): Name = "PackageDescription"; Value = "Radial Cap, Thru-Hole; 2 Leads; 0.3 in Pin Spacing"; VariantName = "[No Variations]"
Add component (AddParameter): Name = "PackageReference"; Value = "RAD-0.3"; VariantName = "[No Variations]"
Add component (AddParameter): Name = "Published"; Value = "8-Jun-2000"; VariantName = "[No Variations]"
Add component (AddParameter): Name = "Publisher"; Value = "Altium Limited"; VariantName = "[No Variations]"
Add component (AddParameter): Name = "Value"; Value = "18pf"; VariantName = "[No Variations]"
Added Component: Designator=C25(SM0603 _3D_cap)
Add component (AddParameter): Name = "LatestRevisionDate"; Value = "17-Jul-2002"; VariantName = "[No Variations]"
Add component (AddParameter): Name = "LatestRevisionNote"; Value = "Re-released for DXP Platform."; VariantName = "[No Variations]"
Add component (AddParameter): Name = "PackageDescription"; Value = "Radial Cap, Thru-Hole; 2 Leads; 0.3 in Pin Spacing"; VariantName = "[No Variations]"
Add component (AddParameter): Name = "PackageReference"; Value = "RAD-0.3"; VariantName = "[No Variations]"
Add component (AddParameter): Name = "Published"; Value = "8-Jun-2000"; VariantName = "[No Variations]"
Add component (AddParameter): Name = "Publisher"; Value = "Altium Limited"; VariantName = "[No Variations]"
Add component (AddParameter): Name = "Value"; Value = "18pf"; VariantName = "[No Variations]"
Added Component: Designator=C26(SM0603 _3D_cap)
Add component (AddParameter): Name = "LatestRevisionDate"; Value = "17-Jul-2002"; VariantName = "[No Variations]"
Add component (AddParameter): Name = "LatestRevisionNote"; Value = "Re-released for DXP Platform."; VariantName = "[No Variations]"
Add component (AddParameter): Name = "PackageDescription"; Value = "Radial Cap, Thru-Hole; 2 Leads; 0.3 in Pin Spacing"; VariantName = "[No Variations]"
Add component (AddParameter): Name = "PackageReference"; Value = "RAD-0.3"; VariantName = "[No Variations]"
Add component (AddParameter): Name = "Published"; Value = "8-Jun-2000"; VariantName = "[No Variations]"
Add component (AddParameter): Name = "Publisher"; Value = "Altium Limited"; VariantName = "[No Variations]"
Add component (AddParameter): Name = "Value"; Value = "0.1"; VariantName = "[No Variations]"
Added Component: Designator=C27(SM0603 _3D_cap)
Add component (AddParameter): Name = "LatestRevisionDate"; Value = "17-Jul-2002"; VariantName = "[No Variations]"
Add component (AddParameter): Name = "LatestRevisionNote"; Value = "Re-released for DXP Platform."; VariantName = "[No Variations]"
Add component (AddParameter): Name = "PackageDescription"; Value = "Radial Cap, Thru-Hole; 2 Leads; 0.3 in Pin Spacing"; VariantName = "[No Variations]"
Add component (AddParameter): Name = "PackageReference"; Value = "RAD-0.3"; VariantName = "[No Variations]"
Add component (AddParameter): Name = "Published"; Value = "8-Jun-2000"; VariantName = "[No Variations]"
Add component (AddParameter): Name = "Publisher"; Value = "Altium Limited"; VariantName = "[No Variations]"
Add component (AddParameter): Name = "Value"; Value = "0.1"; VariantName = "[No Variations]"
Added Component: Designator=C28(SM0603 _3D_cap)
Add component (AddParameter): Name = "LatestRevisionDate"; Value = "17-Jul-2002"; VariantName = "[No Variations]"
Add component (AddParameter): Name = "LatestRevisionNote"; Value = "Re-released for DXP Platform."; VariantName = "[No Variations]"
Add component (AddParameter): Name = "PackageDescription"; Value = "Radial Cap, Thru-Hole; 2 Leads; 0.3 in Pin Spacing"; VariantName = "[No Variations]"
Add component (AddParameter): Name = "PackageReference"; Value = "RAD-0.3"; VariantName = "[No Variations]"
Add component (AddParameter): Name = "Published"; Value = "8-Jun-2000"; VariantName = "[No Variations]"
Add component (AddParameter): Name = "Publisher"; Value = "Altium Limited"; VariantName = "[No Variations]"
Add component (AddParameter): Name = "Value"; Value = "0.1"; VariantName = "[No Variations]"
Added Component: Designator=C29(SM0603 _3D_cap)
Add component (AddParameter): Name = "LatestRevisionDate"; Value = "17-Jul-2002"; VariantName = "[No Variations]"
Add component (AddParameter): Name = "LatestRevisionNote"; Value = "Re-released for DXP Platform."; VariantName = "[No Variations]"
Add component (AddParameter): Name = "PackageDescription"; Value = "Radial Cap, Thru-Hole; 2 Leads; 0.3 in Pin Spacing"; VariantName = "[No Variations]"
Add component (AddParameter): Name = "PackageReference"; Value = "RAD-0.3"; VariantName = "[No Variations]"
Add component (AddParameter): Name = "Published"; Value = "8-Jun-2000"; VariantName = "[No Variations]"
Add component (AddParameter): Name = "Publisher"; Value = "Altium Limited"; VariantName = "[No Variations]"
Add component (AddParameter): Name = "Value"; Value = "0.1"; VariantName = "[No Variations]"
Added Component: Designator=C30(CAP_POL_SMA (3216))
Added Component: Designator=C31(SM0603 _3D_cap)
Add component (AddParameter): Name = "LatestRevisionDate"; Value = "17-Jul-2002"; VariantName = "[No Variations]"
Add component (AddParameter): Name = "LatestRevisionNote"; Value = "Re-released for DXP Platform."; VariantName = "[No Variations]"
Add component (AddParameter): Name = "PackageDescription"; Value = "Radial Cap, Thru-Hole; 2 Leads; 0.3 in Pin Spacing"; VariantName = "[No Variations]"
Add component (AddParameter): Name = "PackageReference"; Value = "RAD-0.3"; VariantName = "[No Variations]"
Add component (AddParameter): Name = "Published"; Value = "8-Jun-2000"; VariantName = "[No Variations]"
Add component (AddParameter): Name = "Publisher"; Value = "Altium Limited"; VariantName = "[No Variations]"
Add component (AddParameter): Name = "Value"; Value = "0.1"; VariantName = "[No Variations]"
Added Component: Designator=C32(CAP_POL_SMA (3216))
Added Component: Designator=C33(SM0603 _3D_cap)
Add component (AddParameter): Name = "LatestRevisionDate"; Value = "17-Jul-2002"; VariantName = "[No Variations]"
Add component (AddParameter): Name = "LatestRevisionNote"; Value = "Re-released for DXP Platform."; VariantName = "[No Variations]"
Add component (AddParameter): Name = "PackageDescription"; Value = "Radial Cap, Thru-Hole; 2 Leads; 0.3 in Pin Spacing"; VariantName = "[No Variations]"
Add component (AddParameter): Name = "PackageReference"; Value = "RAD-0.3"; VariantName = "[No Variations]"
Add component (AddParameter): Name = "Published"; Value = "8-Jun-2000"; VariantName = "[No Variations]"
Add component (AddParameter): Name = "Publisher"; Value = "Altium Limited"; VariantName = "[No Variations]"
Add component (AddParameter): Name = "Value"; Value = "0.1"; VariantName = "[No Variations]"
Added Component: Designator=C34(CAP_POL_SMA (3216))
Added Component: Designator=C35(SM0603 _3D_cap)
Add component (AddParameter): Name = "LatestRevisionDate"; Value = "17-Jul-2002"; VariantName = "[No Variations]"
Add component (AddParameter): Name = "LatestRevisionNote"; Value = "Re-released for DXP Platform."; VariantName = "[No Variations]"
Add component (AddParameter): Name = "PackageDescription"; Value = "Radial Cap, Thru-Hole; 2 Leads; 0.3 in Pin Spacing"; VariantName = "[No Variations]"
Add component (AddParameter): Name = "PackageReference"; Value = "RAD-0.3"; VariantName = "[No Variations]"
Add component (AddParameter): Name = "Published"; Value = "8-Jun-2000"; VariantName = "[No Variations]"
Add component (AddParameter): Name = "Publisher"; Value = "Altium Limited"; VariantName = "[No Variations]"
Add component (AddParameter): Name = "Value"; Value = "0.1"; VariantName = "[No Variations]"
Added Component: Designator=C36(SM0603 _3D_cap)
Add component (AddParameter): Name = "LatestRevisionDate"; Value = "17-Jul-2002"; VariantName = "[No Variations]"
Add component (AddParameter): Name = "LatestRevisionNote"; Value = "Re-released for DXP Platform."; VariantName = "[No Variations]"
Add component (AddParameter): Name = "PackageDescription"; Value = "Radial Cap, Thru-Hole; 2 Leads; 0.3 in Pin Spacing"; VariantName = "[No Variations]"
Add component (AddParameter): Name = "PackageReference"; Value = "RAD-0.3"; VariantName = "[No Variations]"
Add component (AddParameter): Name = "Published"; Value = "8-Jun-2000"; VariantName = "[No Variations]"
Add component (AddParameter): Name = "Publisher"; Value = "Altium Limited"; VariantName = "[No Variations]"
Add component (AddParameter): Name = "Value"; Value = "4.7"; VariantName = "[No Variations]"
Added Component: Designator=C37(SM0603 _3D_cap)
Add component (AddParameter): Name = "LatestRevisionDate"; Value = "17-Jul-2002"; VariantName = "[No Variations]"
Add component (AddParameter): Name = "LatestRevisionNote"; Value = "Re-released for DXP Platform."; VariantName = "[No Variations]"
Add component (AddParameter): Name = "PackageDescription"; Value = "Radial Cap, Thru-Hole; 2 Leads; 0.3 in Pin Spacing"; VariantName = "[No Variations]"
Add component (AddParameter): Name = "PackageReference"; Value = "RAD-0.3"; VariantName = "[No Variations]"
Add component (AddParameter): Name = "Published"; Value = "8-Jun-2000"; VariantName = "[No Variations]"
Add component (AddParameter): Name = "Publisher"; Value = "Altium Limited"; VariantName = "[No Variations]"
Add component (AddParameter): Name = "Value"; Value = "4.7"; VariantName = "[No Variations]"
Added Component: Designator=C38(SM0603 _3D_cap)
Add component (AddParameter): Name = "LatestRevisionDate"; Value = "17-Jul-2002"; VariantName = "[No Variations]"
Add component (AddParameter): Name = "LatestRevisionNote"; Value = "Re-released for DXP Platform."; VariantName = "[No Variations]"
Add component (AddParameter): Name = "PackageDescription"; Value = "Radial Cap, Thru-Hole; 2 Leads; 0.3 in Pin Spacing"; VariantName = "[No Variations]"
Add component (AddParameter): Name = "PackageReference"; Value = "RAD-0.3"; VariantName = "[No Variations]"
Add component (AddParameter): Name = "Published"; Value = "8-Jun-2000"; VariantName = "[No Variations]"
Add component (AddParameter): Name = "Publisher"; Value = "Altium Limited"; VariantName = "[No Variations]"
Add component (AddParameter): Name = "Value"; Value = "4.7"; VariantName = "[No Variations]"
Added Component: Designator=C39(SM0603 _3D_cap)
Add component (AddParameter): Name = "LatestRevisionDate"; Value = "17-Jul-2002"; VariantName = "[No Variations]"
Add component (AddParameter): Name = "LatestRevisionNote"; Value = "Re-released for DXP Platform."; VariantName = "[No Variations]"
Add component (AddParameter): Name = "PackageDescription"; Value = "Radial Cap, Thru-Hole; 2 Leads; 0.3 in Pin Spacing"; VariantName = "[No Variations]"
Add component (AddParameter): Name = "PackageReference"; Value = "RAD-0.3"; VariantName = "[No Variations]"
Add component (AddParameter): Name = "Published"; Value = "8-Jun-2000"; VariantName = "[No Variations]"
Add component (AddParameter): Name = "Publisher"; Value = "Altium Limited"; VariantName = "[No Variations]"
Add component (AddParameter): Name = "Value"; Value = "4.7"; VariantName = "[No Variations]"
Added Component: Designator=C40(SM0603 _3D_cap)
Add component (AddParameter): Name = "LatestRevisionDate"; Value = "17-Jul-2002"; VariantName = "[No Variations]"
Add component (AddParameter): Name = "LatestRevisionNote"; Value = "Re-released for DXP Platform."; VariantName = "[No Variations]"
Add component (AddParameter): Name = "PackageDescription"; Value = "Radial Cap, Thru-Hole; 2 Leads; 0.3 in Pin Spacing"; VariantName = "[No Variations]"
Add component (AddParameter): Name = "PackageReference"; Value = "RAD-0.3"; VariantName = "[No Variations]"
Add component (AddParameter): Name = "Published"; Value = "8-Jun-2000"; VariantName = "[No Variations]"
Add component (AddParameter): Name = "Publisher"; Value = "Altium Limited"; VariantName = "[No Variations]"
Add component (AddParameter): Name = "Value"; Value = "0.1"; VariantName = "[No Variations]"
Added Component: Designator=C41(CAP_POL_SMA (3216))
Added Component: Designator=C42(SM0603 _3D_cap)
Add component (AddParameter): Name = "LatestRevisionDate"; Value = "17-Jul-2002"; VariantName = "[No Variations]"
Add component (AddParameter): Name = "LatestRevisionNote"; Value = "Re-released for DXP Platform."; VariantName = "[No Variations]"
Add component (AddParameter): Name = "PackageDescription"; Value = "Radial Cap, Thru-Hole; 2 Leads; 0.3 in Pin Spacing"; VariantName = "[No Variations]"
Add component (AddParameter): Name = "PackageReference"; Value = "RAD-0.3"; VariantName = "[No Variations]"
Add component (AddParameter): Name = "Published"; Value = "8-Jun-2000"; VariantName = "[No Variations]"
Add component (AddParameter): Name = "Publisher"; Value = "Altium Limited"; VariantName = "[No Variations]"
Add component (AddParameter): Name = "Value"; Value = "0.1"; VariantName = "[No Variations]"
Added Component: Designator=C43(CAP_POL_SMA (3216))
Added Component: Designator=C44(SM0603 _3D_cap)
Add component (AddParameter): Name = "LatestRevisionDate"; Value = "17-Jul-2002"; VariantName = "[No Variations]"
Add component (AddParameter): Name = "LatestRevisionNote"; Value = "Re-released for DXP Platform."; VariantName = "[No Variations]"
Add component (AddParameter): Name = "PackageDescription"; Value = "Radial Cap, Thru-Hole; 2 Leads; 0.3 in Pin Spacing"; VariantName = "[No Variations]"
Add component (AddParameter): Name = "PackageReference"; Value = "RAD-0.3"; VariantName = "[No Variations]"
Add component (AddParameter): Name = "Published"; Value = "8-Jun-2000"; VariantName = "[No Variations]"
Add component (AddParameter): Name = "Publisher"; Value = "Altium Limited"; VariantName = "[No Variations]"
Add component (AddParameter): Name = "Value"; Value = "4.7"; VariantName = "[No Variations]"
Added Component: Designator=C45(SM0603 _3D_cap)
Add component (AddParameter): Name = "LatestRevisionDate"; Value = "17-Jul-2002"; VariantName = "[No Variations]"
Add component (AddParameter): Name = "LatestRevisionNote"; Value = "Re-released for DXP Platform."; VariantName = "[No Variations]"
Add component (AddParameter): Name = "PackageDescription"; Value = "Radial Cap, Thru-Hole; 2 Leads; 0.3 in Pin Spacing"; VariantName = "[No Variations]"
Add component (AddParameter): Name = "PackageReference"; Value = "RAD-0.3"; VariantName = "[No Variations]"
Add component (AddParameter): Name = "Published"; Value = "8-Jun-2000"; VariantName = "[No Variations]"
Add component (AddParameter): Name = "Publisher"; Value = "Altium Limited"; VariantName = "[No Variations]"
Add component (AddParameter): Name = "Value"; Value = "4.7"; VariantName = "[No Variations]"
Added Component: Designator=C46(SM0603 _3D_cap)
Add component (AddParameter): Name = "LatestRevisionDate"; Value = "17-Jul-2002"; VariantName = "[No Variations]"
Add component (AddParameter): Name = "LatestRevisionNote"; Value = "Re-released for DXP Platform."; VariantName = "[No Variations]"
Add component (AddParameter): Name = "PackageDescription"; Value = "Radial Cap, Thru-Hole; 2 Leads; 0.3 in Pin Spacing"; VariantName = "[No Variations]"
Add component (AddParameter): Name = "PackageReference"; Value = "RAD-0.3"; VariantName = "[No Variations]"
Add component (AddParameter): Name = "Published"; Value = "8-Jun-2000"; VariantName = "[No Variations]"
Add component (AddParameter): Name = "Publisher"; Value = "Altium Limited"; VariantName = "[No Variations]"
Add component (AddParameter): Name = "Value"; Value = "0.1"; VariantName = "[No Variations]"
Added Component: Designator=C47(SM0603 _3D_cap)
Add component (AddParameter): Name = "LatestRevisionDate"; Value = "17-Jul-2002"; VariantName = "[No Variations]"
Add component (AddParameter): Name = "LatestRevisionNote"; Value = "Re-released for DXP Platform."; VariantName = "[No Variations]"
Add component (AddParameter): Name = "PackageDescription"; Value = "Radial Cap, Thru-Hole; 2 Leads; 0.3 in Pin Spacing"; VariantName = "[No Variations]"
Add component (AddParameter): Name = "PackageReference"; Value = "RAD-0.3"; VariantName = "[No Variations]"
Add component (AddParameter): Name = "Published"; Value = "8-Jun-2000"; VariantName = "[No Variations]"
Add component (AddParameter): Name = "Publisher"; Value = "Altium Limited"; VariantName = "[No Variations]"
Add component (AddParameter): Name = "Value"; Value = "0.1"; VariantName = "[No Variations]"
Added Component: Designator=C48(SM0603 _3D_cap)
Add component (AddParameter): Name = "LatestRevisionDate"; Value = "17-Jul-2002"; VariantName = "[No Variations]"
Add component (AddParameter): Name = "LatestRevisionNote"; Value = "Re-released for DXP Platform."; VariantName = "[No Variations]"
Add component (AddParameter): Name = "PackageDescription"; Value = "Radial Cap, Thru-Hole; 2 Leads; 0.3 in Pin Spacing"; VariantName = "[No Variations]"
Add component (AddParameter): Name = "PackageReference"; Value = "RAD-0.3"; VariantName = "[No Variations]"
Add component (AddParameter): Name = "Published"; Value = "8-Jun-2000"; VariantName = "[No Variations]"
Add component (AddParameter): Name = "Publisher"; Value = "Altium Limited"; VariantName = "[No Variations]"
Add component (AddParameter): Name = "Value"; Value = "0.22"; VariantName = "[No Variations]"
Added Component: Designator=C49(SM0603 _3D_cap)
Add component (AddParameter): Name = "LatestRevisionDate"; Value = "17-Jul-2002"; VariantName = "[No Variations]"
Add component (AddParameter): Name = "LatestRevisionNote"; Value = "Re-released for DXP Platform."; VariantName = "[No Variations]"
Add component (AddParameter): Name = "PackageDescription"; Value = "Radial Cap, Thru-Hole; 2 Leads; 0.3 in Pin Spacing"; VariantName = "[No Variations]"
Add component (AddParameter): Name = "PackageReference"; Value = "RAD-0.3"; VariantName = "[No Variations]"
Add component (AddParameter): Name = "Published"; Value = "8-Jun-2000"; VariantName = "[No Variations]"
Add component (AddParameter): Name = "Publisher"; Value = "Altium Limited"; VariantName = "[No Variations]"
Add component (AddParameter): Name = "Value"; Value = "0.1"; VariantName = "[No Variations]"
Added Component: Designator=C50(SM0603 _3D_cap)
Add component (AddParameter): Name = "LatestRevisionDate"; Value = "17-Jul-2002"; VariantName = "[No Variations]"
Add component (AddParameter): Name = "LatestRevisionNote"; Value = "Re-released for DXP Platform."; VariantName = "[No Variations]"
Add component (AddParameter): Name = "PackageDescription"; Value = "Radial Cap, Thru-Hole; 2 Leads; 0.3 in Pin Spacing"; VariantName = "[No Variations]"
Add component (AddParameter): Name = "PackageReference"; Value = "RAD-0.3"; VariantName = "[No Variations]"
Add component (AddParameter): Name = "Published"; Value = "8-Jun-2000"; VariantName = "[No Variations]"
Add component (AddParameter): Name = "Publisher"; Value = "Altium Limited"; VariantName = "[No Variations]"
Add component (AddParameter): Name = "Value"; Value = "10pf"; VariantName = "[No Variations]"
Added Component: Designator=C51(SM0603 _3D_cap)
Add component (AddParameter): Name = "LatestRevisionDate"; Value = "17-Jul-2002"; VariantName = "[No Variations]"
Add component (AddParameter): Name = "LatestRevisionNote"; Value = "Re-released for DXP Platform."; VariantName = "[No Variations]"
Add component (AddParameter): Name = "PackageDescription"; Value = "Radial Cap, Thru-Hole; 2 Leads; 0.3 in Pin Spacing"; VariantName = "[No Variations]"
Add component (AddParameter): Name = "PackageReference"; Value = "RAD-0.3"; VariantName = "[No Variations]"
Add component (AddParameter): Name = "Published"; Value = "8-Jun-2000"; VariantName = "[No Variations]"
Add component (AddParameter): Name = "Publisher"; Value = "Altium Limited"; VariantName = "[No Variations]"
Add component (AddParameter): Name = "Value"; Value = "2.2"; VariantName = "[No Variations]"
Added Component: Designator=C52(SM0603 _3D_cap)
Add component (AddParameter): Name = "LatestRevisionDate"; Value = "17-Jul-2002"; VariantName = "[No Variations]"
Add component (AddParameter): Name = "LatestRevisionNote"; Value = "Re-released for DXP Platform."; VariantName = "[No Variations]"
Add component (AddParameter): Name = "PackageDescription"; Value = "Radial Cap, Thru-Hole; 2 Leads; 0.3 in Pin Spacing"; VariantName = "[No Variations]"
Add component (AddParameter): Name = "PackageReference"; Value = "RAD-0.3"; VariantName = "[No Variations]"
Add component (AddParameter): Name = "Published"; Value = "8-Jun-2000"; VariantName = "[No Variations]"
Add component (AddParameter): Name = "Publisher"; Value = "Altium Limited"; VariantName = "[No Variations]"
Add component (AddParameter): Name = "Value"; Value = "0.1"; VariantName = "[No Variations]"
Added Component: Designator=C53(SM0603 _3D_cap)
Add component (AddParameter): Name = "LatestRevisionDate"; Value = "17-Jul-2002"; VariantName = "[No Variations]"
Add component (AddParameter): Name = "LatestRevisionNote"; Value = "Re-released for DXP Platform."; VariantName = "[No Variations]"
Add component (AddParameter): Name = "PackageDescription"; Value = "Radial Cap, Thru-Hole; 2 Leads; 0.3 in Pin Spacing"; VariantName = "[No Variations]"
Add component (AddParameter): Name = "PackageReference"; Value = "RAD-0.3"; VariantName = "[No Variations]"
Add component (AddParameter): Name = "Published"; Value = "8-Jun-2000"; VariantName = "[No Variations]"
Add component (AddParameter): Name = "Publisher"; Value = "Altium Limited"; VariantName = "[No Variations]"
Add component (AddParameter): Name = "Value"; Value = "4.7"; VariantName = "[No Variations]"
Added Component: Designator=C54(CAP_POL_SMA (3216))
Added Component: Designator=C55(SM0603 _3D_cap)
Add component (AddParameter): Name = "LatestRevisionDate"; Value = "17-Jul-2002"; VariantName = "[No Variations]"
Add component (AddParameter): Name = "LatestRevisionNote"; Value = "Re-released for DXP Platform."; VariantName = "[No Variations]"
Add component (AddParameter): Name = "PackageDescription"; Value = "Radial Cap, Thru-Hole; 2 Leads; 0.3 in Pin Spacing"; VariantName = "[No Variations]"
Add component (AddParameter): Name = "PackageReference"; Value = "RAD-0.3"; VariantName = "[No Variations]"
Add component (AddParameter): Name = "Published"; Value = "8-Jun-2000"; VariantName = "[No Variations]"
Add component (AddParameter): Name = "Publisher"; Value = "Altium Limited"; VariantName = "[No Variations]"
Add component (AddParameter): Name = "Value"; Value = "6pf"; VariantName = "[No Variations]"
Added Component: Designator=C56(CAP_POL_SMA (3216))
Added Component: Designator=C57(SM0603 _3D_cap)
Add component (AddParameter): Name = "LatestRevisionDate"; Value = "17-Jul-2002"; VariantName = "[No Variations]"
Add component (AddParameter): Name = "LatestRevisionNote"; Value = "Re-released for DXP Platform."; VariantName = "[No Variations]"
Add component (AddParameter): Name = "PackageDescription"; Value = "Radial Cap, Thru-Hole; 2 Leads; 0.3 in Pin Spacing"; VariantName = "[No Variations]"
Add component (AddParameter): Name = "PackageReference"; Value = "RAD-0.3"; VariantName = "[No Variations]"
Add component (AddParameter): Name = "Published"; Value = "8-Jun-2000"; VariantName = "[No Variations]"
Add component (AddParameter): Name = "Publisher"; Value = "Altium Limited"; VariantName = "[No Variations]"
Add component (AddParameter): Name = "Value"; Value = "0.1"; VariantName = "[No Variations]"
Added Component: Designator=C58(CAP_POL_SMA (3216))
Added Component: Designator=C59(SM0603 _3D_cap)
Add component (AddParameter): Name = "LatestRevisionDate"; Value = "17-Jul-2002"; VariantName = "[No Variations]"
Add component (AddParameter): Name = "LatestRevisionNote"; Value = "Re-released for DXP Platform."; VariantName = "[No Variations]"
Add component (AddParameter): Name = "PackageDescription"; Value = "Radial Cap, Thru-Hole; 2 Leads; 0.3 in Pin Spacing"; VariantName = "[No Variations]"
Add component (AddParameter): Name = "PackageReference"; Value = "RAD-0.3"; VariantName = "[No Variations]"
Add component (AddParameter): Name = "Published"; Value = "8-Jun-2000"; VariantName = "[No Variations]"
Add component (AddParameter): Name = "Publisher"; Value = "Altium Limited"; VariantName = "[No Variations]"
Add component (AddParameter): Name = "Value"; Value = "0.1"; VariantName = "[No Variations]"
Added Component: Designator=C60(CAP_POL_SMA (3216))
Added Component: Designator=C61(SM0603 _3D_cap)
Add component (AddParameter): Name = "LatestRevisionDate"; Value = "17-Jul-2002"; VariantName = "[No Variations]"
Add component (AddParameter): Name = "LatestRevisionNote"; Value = "Re-released for DXP Platform."; VariantName = "[No Variations]"
Add component (AddParameter): Name = "PackageDescription"; Value = "Radial Cap, Thru-Hole; 2 Leads; 0.3 in Pin Spacing"; VariantName = "[No Variations]"
Add component (AddParameter): Name = "PackageReference"; Value = "RAD-0.3"; VariantName = "[No Variations]"
Add component (AddParameter): Name = "Published"; Value = "8-Jun-2000"; VariantName = "[No Variations]"
Add component (AddParameter): Name = "Publisher"; Value = "Altium Limited"; VariantName = "[No Variations]"
Add component (AddParameter): Name = "Value"; Value = "0.1"; VariantName = "[No Variations]"
Added Component: Designator=D1(SOD323)
Added Component: Designator=D2(SOD323)
Added Component: Designator=D3(SOD323)
Added Component: Designator=D4(SOD323)
Added Component: Designator=IC1(QFP50P2200X2200X160-144N)
Add component (AddParameter): Name = "Arrow Part Number"; Value = "ICE40HX4K-TQ144"; VariantName = "[No Variations]"
Add component (AddParameter): Name = "Arrow Price/Stock"; Value = "https://www.arrow.com/en/products/ice40hx4k-tq144/lattice-semiconductor"; VariantName = "[No Variations]"
Add component (AddParameter): Name = "Datasheet Link"; Value = "https://componentsearchengine.com/Datasheets/1/iCE40HX4K-TQ144.pdf"; VariantName = "[No Variations]"
Add component (AddParameter): Name = "Height"; Value = "1.6mm"; VariantName = "[No Variations]"
Add component (AddParameter): Name = "Manufacturer_Name"; Value = "Lattice Semiconductor"; VariantName = "[No Variations]"
Add component (AddParameter): Name = "Manufacturer_Part_Number"; Value = "iCE40HX4K-TQ144"; VariantName = "[No Variations]"
Add component (AddParameter): Name = "Mouser Part Number"; Value = "842-ICE40HX4K-TQ144"; VariantName = "[No Variations]"
Add component (AddParameter): Name = "Mouser Price/Stock"; Value = "https://www.mouser.co.uk/ProductDetail/Lattice/iCE40HX4K-TQ144?qs=F9A14TELRMvGNTZXkNDuOw%3D%3D"; VariantName = "[No Variations]"
Added Component: Designator=IC2(QFN40P700X700X90-57N-D)
Add component (AddParameter): Name = "Arrow Part Number"; Value = "FT600Q-T"; VariantName = "[No Variations]"
Add component (AddParameter): Name = "Arrow Price/Stock"; Value = "https://www.arrow.com/en/products/ft600q-t/ftdi-chip"; VariantName = "[No Variations]"
Add component (AddParameter): Name = "Datasheet Link"; Value = "http://www.farnell.com/datasheets/1975744.pdf"; VariantName = "[No Variations]"
Add component (AddParameter): Name = "Height"; Value = "0.9mm"; VariantName = "[No Variations]"
Add component (AddParameter): Name = "Manufacturer_Name"; Value = "FTDI Chip"; VariantName = "[No Variations]"
Add component (AddParameter): Name = "Manufacturer_Part_Number"; Value = "FT600Q-T"; VariantName = "[No Variations]"
Add component (AddParameter): Name = "Mouser Part Number"; Value = "895-FT600Q-T"; VariantName = "[No Variations]"
Add component (AddParameter): Name = "Mouser Price/Stock"; Value = "https://www.mouser.com/Search/Refine.aspx?Keyword=895-FT600Q-T"; VariantName = "[No Variations]"
Added Component: Designator=IC3(QFP50P900X900X160-48N)
Add component (AddParameter): Name = "Arrow Part Number"; Value = "FT232HL-REEL"; VariantName = "[No Variations]"
Add component (AddParameter): Name = "Arrow Price/Stock"; Value = "https://www.arrow.com/en/products/ft232hl-reel/ftdi-chip"; VariantName = "[No Variations]"
Add component (AddParameter): Name = "Datasheet Link"; Value = "http://www.ftdichip.com/Support/Documents/DataSheets/ICs/DS_FT232H.pdf"; VariantName = "[No Variations]"
Add component (AddParameter): Name = "Height"; Value = "1.6mm"; VariantName = "[No Variations]"
Add component (AddParameter): Name = "Manufacturer_Name"; Value = "FTDI Chip"; VariantName = "[No Variations]"
Add component (AddParameter): Name = "Manufacturer_Part_Number"; Value = "FT232HL-REEL"; VariantName = "[No Variations]"
Add component (AddParameter): Name = "Mouser Part Number"; Value = "895-FT232HL-REEL"; VariantName = "[No Variations]"
Add component (AddParameter): Name = "Mouser Price/Stock"; Value = "https://www.mouser.co.uk/ProductDetail/FTDI/FT232HL-REEL/?qs=rzPzygjq8vIanTFlYsBQCw%3D%3D"; VariantName = "[No Variations]"
Added Component: Designator=IC4(SOT95P270X145-6N)
Add component (AddParameter): Name = "Arrow Part Number"; Value = "93LC56BT-I/OT"; VariantName = "[No Variations]"
Add component (AddParameter): Name = "Arrow Price/Stock"; Value = "https://www.arrow.com/en/products/93lc56bt-iot/microchip-technology?region=nac"; VariantName = "[No Variations]"
Add component (AddParameter): Name = "Datasheet Link"; Value = "http://ww1.microchip.com/downloads/en/DeviceDoc/21794G.pdf"; VariantName = "[No Variations]"
Add component (AddParameter): Name = "Height"; Value = "1.45mm"; VariantName = "[No Variations]"
Add component (AddParameter): Name = "Manufacturer_Name"; Value = "Microchip"; VariantName = "[No Variations]"
Add component (AddParameter): Name = "Manufacturer_Part_Number"; Value = "93LC56BT-I/OT"; VariantName = "[No Variations]"
Add component (AddParameter): Name = "Mouser Part Number"; Value = "579-93LC56BT-I/OT"; VariantName = "[No Variations]"
Add component (AddParameter): Name = "Mouser Price/Stock"; Value = "https://www.mouser.co.uk/ProductDetail/Microchip-Technology/93LC56BT-I-OT?qs=lQv0JY93vrc7B5Rh5LPW8g%3D%3D"; VariantName = "[No Variations]"
Added Component: Designator=IC5(SOIC127P600X175-8N)
Add component (AddParameter): Name = "Arrow Part Number"; Value = "W25X10CLSNIG"; VariantName = "[No Variations]"
Add component (AddParameter): Name = "Arrow Price/Stock"; Value = "https://www.arrow.com/en/products/w25x10clsnig/winbond-electronics"; VariantName = "[No Variations]"
Add component (AddParameter): Name = "Datasheet Link"; Value = "https://www.arrow.com/en/products/w25x10clsnig/winbond-electronics"; VariantName = "[No Variations]"
Add component (AddParameter): Name = "Height"; Value = "1.75mm"; VariantName = "[No Variations]"
Add component (AddParameter): Name = "Manufacturer_Name"; Value = "Winbond"; VariantName = "[No Variations]"
Add component (AddParameter): Name = "Manufacturer_Part_Number"; Value = "W25X10CLSNIG"; VariantName = "[No Variations]"
Add component (AddParameter): Name = "Mouser Part Number"; Value = "454-W25X10CLSNIG"; VariantName = "[No Variations]"
Add component (AddParameter): Name = "Mouser Price/Stock"; Value = "https://www.mouser.co.uk/ProductDetail/Winbond/W25X10CLSNIG?qs=qSfuJ%252Bfl%2Fd58%252Bc3wxS8Vmg%3D%3D"; VariantName = "[No Variations]"
Added Component: Designator=J1(GSB343T33HR)
Add component (AddParameter): Name = "Arrow Part Number"; Value = "GSB343T33HR"; VariantName = "[No Variations]"
Add component (AddParameter): Name = "Arrow Price/Stock"; Value = "https://www.arrow.com/en/products/gsb343t33hr/amphenol"; VariantName = "[No Variations]"
Add component (AddParameter): Name = "Datasheet Link"; Value = "https://componentsearchengine.com/Datasheets/2/GSB343T33HR.pdf"; VariantName = "[No Variations]"
Add component (AddParameter): Name = "Height"; Value = "5.25mm"; VariantName = "[No Variations]"
Add component (AddParameter): Name = "Manufacturer_Name"; Value = "Amphenol"; VariantName = "[No Variations]"
Add component (AddParameter): Name = "Manufacturer_Part_Number"; Value = "GSB343T33HR"; VariantName = "[No Variations]"
Add component (AddParameter): Name = "Mouser Part Number"; Value = "523-GSB343T33HR"; VariantName = "[No Variations]"
Add component (AddParameter): Name = "Mouser Price/Stock"; Value = "https://www.mouser.co.uk/ProductDetail/Amphenol-Commercial-Products/GSB343T33HR/?qs=8nwx9VzGl4wjI7K6xpTSyQ%3D%3D"; VariantName = "[No Variations]"
Added Component: Designator=J2(0476420001)
Add component (AddParameter): Name = "Arrow Part Number"; Value = "0476420001"; VariantName = "[No Variations]"
Add component (AddParameter): Name = "Arrow Price/Stock"; Value = "https://www.arrow.com/en/products/0476420001/molex?region=nac"; VariantName = "[No Variations]"
Add component (AddParameter): Name = "Datasheet Link"; Value = "https://www.molex.com/pdm_docs/sd/476420001_sd.pdf"; VariantName = "[No Variations]"
Add component (AddParameter): Name = "Height"; Value = "2.94mm"; VariantName = "[No Variations]"
Add component (AddParameter): Name = "Manufacturer_Name"; Value = "Molex"; VariantName = "[No Variations]"
Add component (AddParameter): Name = "Manufacturer_Part_Number"; Value = "0476420001"; VariantName = "[No Variations]"
Add component (AddParameter): Name = "Mouser Part Number"; Value = "N/A"; VariantName = "[No Variations]"
Add component (AddParameter): Name = "Mouser Price/Stock"; Value = "https://www.mouser.com/Search/Refine.aspx?Keyword=N%2FA"; VariantName = "[No Variations]"
Added Component: Designator=JP1(JUMPER2)
Add component (AddParameter): Name = "Value"; Value = ""; VariantName = "[No Variations]"
Added Component: Designator=JP2(JUMPER2)
Add component (AddParameter): Name = "Value"; Value = ""; VariantName = "[No Variations]"
Added Component: Designator=JP3(JUMPER2)
Add component (AddParameter): Name = "Value"; Value = ""; VariantName = "[No Variations]"
Added Component: Designator=JP4(JUMPER2)
Add component (AddParameter): Name = "Value"; Value = ""; VariantName = "[No Variations]"
Added Component: Designator=K7(AMPHENOL_132357-11)
Add component (AddParameter): Name = "Value"; Value = ""; VariantName = "[No Variations]"
Added Component: Designator=L3(inductor_LQH43PN)
Added Component: Designator=LED1(CLVBAFKACAEDH8BBB7A363)
Add component (AddParameter): Name = "Arrow Part Number"; Value = "CLVBA-FKA-CAEDH8BBB7A363"; VariantName = "[No Variations]"
Add component (AddParameter): Name = "Arrow Price/Stock"; Value = "https://www.arrow.com/en/products/clvba-fka-caedh8bbb7a363/cree"; VariantName = "[No Variations]"
Add component (AddParameter): Name = "Datasheet Link"; Value = "http://www.cree.com/led-components/media/documents/ds-CLVBA-FKA.pdf"; VariantName = "[No Variations]"
Add component (AddParameter): Name = "Height"; Value = "2.1mm"; VariantName = "[No Variations]"
Add component (AddParameter): Name = "Manufacturer_Name"; Value = "Cree"; VariantName = "[No Variations]"
Add component (AddParameter): Name = "Manufacturer_Part_Number"; Value = "CLVBA-FKA-CAEDH8BBB7A363"; VariantName = "[No Variations]"
Add component (AddParameter): Name = "Mouser Part Number"; Value = "941-VBAFKACAEDH8B7A3"; VariantName = "[No Variations]"
Add component (AddParameter): Name = "Mouser Price/Stock"; Value = "https://www.mouser.co.uk/ProductDetail/Cree-Inc/CLVBA-FKA-CAEDH8BBB7a363/?qs=3AcK5DacLboXYkg4biCgSA%3D%3D"; VariantName = "[No Variations]"
Added Component: Designator=PS1(SOT89P240X110-3N)
Add component (AddParameter): Name = "Arrow Part Number"; Value = "AP2127N-3.3TRG1"; VariantName = "[No Variations]"
Add component (AddParameter): Name = "Arrow Price/Stock"; Value = "https://www.arrow.com/en/products/ap2127n-3.3trg1/diodes-incorporated"; VariantName = "[No Variations]"
Add component (AddParameter): Name = "Datasheet Link"; Value = "https://componentsearchengine.com/Datasheets/1/AP2127N-3.3TRG1.pdf"; VariantName = "[No Variations]"
Add component (AddParameter): Name = "Height"; Value = "1.1mm"; VariantName = "[No Variations]"
Add component (AddParameter): Name = "Manufacturer_Name"; Value = "Diodes Inc."; VariantName = "[No Variations]"
Add component (AddParameter): Name = "Manufacturer_Part_Number"; Value = "AP2127N-3.3TRG1"; VariantName = "[No Variations]"
Add component (AddParameter): Name = "Mouser Part Number"; Value = "621-AP2127N-3.3TRG1"; VariantName = "[No Variations]"
Add component (AddParameter): Name = "Mouser Price/Stock"; Value = "https://www.mouser.co.uk/ProductDetail/Diodes-Incorporated/AP2127N-33TRG1/?qs=x6A8l6qLYDCwIat%252BGHxAAg%3D%3D"; VariantName = "[No Variations]"
Added Component: Designator=PS2(SOT89P240X110-3N)
Add component (AddParameter): Name = "Arrow Part Number"; Value = "AP2127N-3.3TRG1"; VariantName = "[No Variations]"
Add component (AddParameter): Name = "Arrow Price/Stock"; Value = "https://www.arrow.com/en/products/ap2127n-3.3trg1/diodes-incorporated"; VariantName = "[No Variations]"
Add component (AddParameter): Name = "Datasheet Link"; Value = "https://componentsearchengine.com/Datasheets/1/AP2127N-3.3TRG1.pdf"; VariantName = "[No Variations]"
Add component (AddParameter): Name = "Height"; Value = "1.1mm"; VariantName = "[No Variations]"
Add component (AddParameter): Name = "Manufacturer_Name"; Value = "Diodes Inc."; VariantName = "[No Variations]"
Add component (AddParameter): Name = "Manufacturer_Part_Number"; Value = "AP2127N-3.3TRG1"; VariantName = "[No Variations]"
Add component (AddParameter): Name = "Mouser Part Number"; Value = "621-AP2127N-3.3TRG1"; VariantName = "[No Variations]"
Add component (AddParameter): Name = "Mouser Price/Stock"; Value = "https://www.mouser.co.uk/ProductDetail/Diodes-Incorporated/AP2127N-33TRG1/?qs=x6A8l6qLYDCwIat%252BGHxAAg%3D%3D"; VariantName = "[No Variations]"
Added Component: Designator=PS3(SOT89P240X110-3N)
Add component (AddParameter): Name = "Arrow Part Number"; Value = "AP2127N-3.3TRG1"; VariantName = "[No Variations]"
Add component (AddParameter): Name = "Arrow Price/Stock"; Value = "https://www.arrow.com/en/products/ap2127n-3.3trg1/diodes-incorporated"; VariantName = "[No Variations]"
Add component (AddParameter): Name = "Datasheet Link"; Value = "https://componentsearchengine.com/Datasheets/1/AP2127N-3.3TRG1.pdf"; VariantName = "[No Variations]"
Add component (AddParameter): Name = "Height"; Value = "1.1mm"; VariantName = "[No Variations]"
Add component (AddParameter): Name = "Manufacturer_Name"; Value = "Diodes Inc."; VariantName = "[No Variations]"
Add component (AddParameter): Name = "Manufacturer_Part_Number"; Value = "AP2127N-3.3TRG1"; VariantName = "[No Variations]"
Add component (AddParameter): Name = "Mouser Part Number"; Value = "621-AP2127N-3.3TRG1"; VariantName = "[No Variations]"
Add component (AddParameter): Name = "Mouser Price/Stock"; Value = "https://www.mouser.co.uk/ProductDetail/Diodes-Incorporated/AP2127N-33TRG1/?qs=x6A8l6qLYDCwIat%252BGHxAAg%3D%3D"; VariantName = "[No Variations]"
Added Component: Designator=R21(TRIM_BOURNS_3223W)
Add component (AddParameter): Name = "LatestRevisionDate"; Value = "29-May-2009"; VariantName = "[No Variations]"
Add component (AddParameter): Name = "LatestRevisionNote"; Value = "IPC-7351 Footprint Added."; VariantName = "[No Variations]"
Add component (AddParameter): Name = "PackageDescription"; Value = "Chip Resistor"; VariantName = "[No Variations]"
Add component (AddParameter): Name = "PackageReference"; Value = "J1-0603"; VariantName = "[No Variations]"
Add component (AddParameter): Name = "Published"; Value = "8-Jun-2000"; VariantName = "[No Variations]"
Add component (AddParameter): Name = "Publisher"; Value = "Altium Limited"; VariantName = "[No Variations]"
Add component (AddParameter): Name = "Value"; Value = "1K"; VariantName = "[No Variations]"
Added Component: Designator=R32(TRIM_BOURNS_3223W)
Add component (AddParameter): Name = "LatestRevisionDate"; Value = "29-May-2009"; VariantName = "[No Variations]"
Add component (AddParameter): Name = "LatestRevisionNote"; Value = "IPC-7351 Footprint Added."; VariantName = "[No Variations]"
Add component (AddParameter): Name = "PackageDescription"; Value = "Chip Resistor"; VariantName = "[No Variations]"
Add component (AddParameter): Name = "PackageReference"; Value = "J1-0603"; VariantName = "[No Variations]"
Add component (AddParameter): Name = "Published"; Value = "8-Jun-2000"; VariantName = "[No Variations]"
Add component (AddParameter): Name = "Publisher"; Value = "Altium Limited"; VariantName = "[No Variations]"
Add component (AddParameter): Name = "Value"; Value = "680"; VariantName = "[No Variations]"
Added Component: Designator=U1(SOT-23_5)
Added Component: Designator=U2(SSOP-24)
Added Component: Designator=U3(SOT-23_6)
Added Component: Designator=Y1(ABM3B)
Add component (AddParameter): Name = "Arrow Part Number"; Value = "ABM3B-11.0592MHZ-10-1-U-T"; VariantName = "[No Variations]"
Add component (AddParameter): Name = "Arrow Price/Stock"; Value = "https://www.arrow.com/en/products/abm3b-11.0592mhz-10-1-u-t/abracon"; VariantName = "[No Variations]"
Add component (AddParameter): Name = "Datasheet Link"; Value = "https://abracon.com/Resonators/abm3b.pdf"; VariantName = "[No Variations]"
Add component (AddParameter): Name = "Manufacturer_Name"; Value = "ABRACON"; VariantName = "[No Variations]"
Add component (AddParameter): Name = "Manufacturer_Part_Number"; Value = "ABM3B-11.0592MHZ-10-1-U-T"; VariantName = "[No Variations]"
Add component (AddParameter): Name = "Mouser Part Number"; Value = "815-ABM3B-11.0592-T"; VariantName = "[No Variations]"
Add component (AddParameter): Name = "Mouser Price/Stock"; Value = "https://www.mouser.co.uk/ProductDetail/ABRACON/ABM3B-110592MHZ-10-1-U-T?qs=LMMkZCEv%2Ff1YUX89OuYUdg%3D%3D"; VariantName = "[No Variations]"
Added Component: Designator=Y2(ASFL125000MHZLT)
Add component (AddParameter): Name = "Arrow Part Number"; Value = "ASFL1-25.000MHZ-L-T"; VariantName = "[No Variations]"
Add component (AddParameter): Name = "Arrow Price/Stock"; Value = "https://www.arrow.com/en/products/asfl1-25.000mhz-l-t/abracon"; VariantName = "[No Variations]"
Add component (AddParameter): Name = "Datasheet Link"; Value = "https://componentsearchengine.com/Datasheets/1/ASFL1-25.000MHZ-L-T.pdf"; VariantName = "[No Variations]"
Add component (AddParameter): Name = "Height"; Value = "1.3mm"; VariantName = "[No Variations]"
Add component (AddParameter): Name = "Manufacturer_Name"; Value = "ABRACON"; VariantName = "[No Variations]"
Add component (AddParameter): Name = "Manufacturer_Part_Number"; Value = "ASFL1-25.000MHZ-L-T"; VariantName = "[No Variations]"
Add component (AddParameter): Name = "Mouser Part Number"; Value = "815-ASFL1-25-L-T"; VariantName = "[No Variations]"
Add component (AddParameter): Name = "Mouser Price/Stock"; Value = "https://www.mouser.co.uk/ProductDetail/ABRACON/ASFL1-25000MHZ-L-T?qs=jv7ULIbIBgOiRkeuuil%252BKg%3D%3D"; VariantName = "[No Variations]"
Added Pin To Net: NetName=+3V3 Pin=C1-2
Added Pin To Net: NetName=+3V3 Pin=C2-2
Added Pin To Net: NetName=+3V3 Pin=C3-2
Added Pin To Net: NetName=+3V3 Pin=C4-2
Added Pin To Net: NetName=+3V3 Pin=C5-2
Added Pin To Net: NetName=+3V3 Pin=C6-2
Added Pin To Net: NetName=+3V3 Pin=C7-2
Added Pin To Net: NetName=+3V3 Pin=C8-2
Added Pin To Net: NetName=+3V3 Pin=C9-2
Added Pin To Net: NetName=+3V3 Pin=C10-2
Added Pin To Net: NetName=+3V3 Pin=C26-1
Added Pin To Net: NetName=+3V3 Pin=C36-1
Added Pin To Net: NetName=+3V3 Pin=D1-1
Added Pin To Net: NetName=+3V3 Pin=IC1-46
Added Pin To Net: NetName=+3V3 Pin=IC1-57
Added Pin To Net: NetName=+3V3 Pin=IC1-72
Added Pin To Net: NetName=+3V3 Pin=IC1-89
Added Pin To Net: NetName=+3V3 Pin=IC1-100
Added Pin To Net: NetName=+3V3 Pin=IC1-123
Added Pin To Net: NetName=+3V3 Pin=IC1-131
Added Pin To Net: NetName=+3V3 Pin=IC2-15
Added Pin To Net: NetName=+3V3 Pin=IC2-19
Added Pin To Net: NetName=+3V3 Pin=IC2-22
Added Pin To Net: NetName=+3V3 Pin=IC2-30
Added Pin To Net: NetName=+3V3 Pin=IC2-38
Added Pin To Net: NetName=+3V3 Pin=IC2-44
Added Pin To Net: NetName=+3V3 Pin=IC2-52
Added Pin To Net: NetName=+3V3 Pin=IC5-3
Added Pin To Net: NetName=+3V3 Pin=IC5-7
Added Pin To Net: NetName=+3V3 Pin=IC5-8
Added Pin To Net: NetName=+3V3 Pin=LED1-2
Added Pin To Net: NetName=+3V3 Pin=PS1-2
Added Pin To Net: NetName=+3V3 Pin=U1-5
Added Pin To Net: NetName=+3V3 Pin=Y2-4
Added Net: Name=+3V3
Added Pin To Net: NetName=+3V Pin=C20-2
Added Pin To Net: NetName=+3V Pin=C21-2
Added Pin To Net: NetName=+3V Pin=C43-1
Added Pin To Net: NetName=+3V Pin=C44-1
Added Pin To Net: NetName=+3V Pin=C46-1
Added Pin To Net: NetName=+3V Pin=C52-1
Added Pin To Net: NetName=+3V Pin=C54-1
Added Pin To Net: NetName=+3V Pin=IC1-6
Added Pin To Net: NetName=+3V Pin=IC1-30
Added Pin To Net: NetName=+3V Pin=PS3-2
Added Pin To Net: NetName=+3V Pin=U2-1
Added Pin To Net: NetName=+3V Pin=U2-4
Added Pin To Net: NetName=+3V Pin=U2-12
Added Net: Name=+3V
Added Pin To Net: NetName=-3V3 Pin=C51-1
Added Pin To Net: NetName=-3V3 Pin=C55-2
Added Pin To Net: NetName=-3V3 Pin=U1-2
Added Net: Name=-3V3
Added Pin To Net: NetName=1V2 Pin=C12-2
Added Pin To Net: NetName=1V2 Pin=C13-2
Added Pin To Net: NetName=1V2 Pin=C14-2
Added Pin To Net: NetName=1V2 Pin=C15-2
Added Pin To Net: NetName=1V2 Pin=C38-1
Added Pin To Net: NetName=1V2 Pin=IC1-27
Added Pin To Net: NetName=1V2 Pin=IC1-40
Added Pin To Net: NetName=1V2 Pin=IC1-92
Added Pin To Net: NetName=1V2 Pin=IC1-111
Added Pin To Net: NetName=1V2 Pin=PS2-2
Added Net: Name=1V2
Added Pin To Net: NetName=2V5 Pin=D1-2
Added Pin To Net: NetName=2V5 Pin=IC1-108
Added Net: Name=2V5
Added Pin To Net: NetName=3V3_1 Pin=C32-1
Added Pin To Net: NetName=3V3_1 Pin=C33-1
Added Pin To Net: NetName=3V3_1 Pin=C40-2
Added Pin To Net: NetName=3V3_1 Pin=IC3-12
Added Pin To Net: NetName=3V3_1 Pin=IC3-24
Added Pin To Net: NetName=3V3_1 Pin=IC3-34
Added Pin To Net: NetName=3V3_1 Pin=IC3-39
Added Pin To Net: NetName=3V3_1 Pin=IC3-46
Added Pin To Net: NetName=3V3_1 Pin=IC4-6
Added Net: Name=3V3_1
Added Pin To Net: NetName=5VU1 Pin=C17-2
Added Pin To Net: NetName=5VU1 Pin=D2-1
Added Pin To Net: NetName=5VU1 Pin=J1-1
Added Net: Name=5VU1
Added Pin To Net: NetName=5VU2 Pin=C29-2
Added Pin To Net: NetName=5VU2 Pin=D3-1
Added Pin To Net: NetName=5VU2 Pin=J2-1
Added Net: Name=5VU2
Added Pin To Net: NetName=aCLK Pin=IC1-20
Added Pin To Net: NetName=aCLK Pin=U2-24
Added Net: Name=aCLK
Added Pin To Net: NetName=aD0 Pin=IC1-15
Added Pin To Net: NetName=aD0 Pin=U2-22
Added Net: Name=aD0
Added Pin To Net: NetName=aD1 Pin=IC1-16
Added Pin To Net: NetName=aD1 Pin=U2-21
Added Net: Name=aD1
Added Pin To Net: NetName=aD2 Pin=IC1-17
Added Pin To Net: NetName=aD2 Pin=U2-20
Added Net: Name=aD2
Added Pin To Net: NetName=aD3 Pin=IC1-18
Added Pin To Net: NetName=aD3 Pin=U2-19
Added Net: Name=aD3
Added Pin To Net: NetName=aD4 Pin=IC1-19
Added Pin To Net: NetName=aD4 Pin=U2-16
Added Net: Name=aD4
Added Pin To Net: NetName=aD5 Pin=IC1-22
Added Pin To Net: NetName=aD5 Pin=U2-15
Added Net: Name=aD5
Added Pin To Net: NetName=aD6 Pin=IC1-23
Added Pin To Net: NetName=aD6 Pin=U2-14
Added Net: Name=aD6
Added Pin To Net: NetName=aD7 Pin=IC1-24
Added Pin To Net: NetName=aD7 Pin=U2-13
Added Net: Name=aD7
Added Pin To Net: NetName=aPD Pin=IC1-25
Added Pin To Net: NetName=aPD Pin=U2-23
Added Net: Name=aPD
Added Pin To Net: NetName=cdone Pin=IC1-65
Added Pin To Net: NetName=cdone Pin=IC3-19
Added Net: Name=cdone
Added Pin To Net: NetName=creset Pin=IC1-66
Added Pin To Net: NetName=creset Pin=IC3-20
Added Net: Name=creset
Added Pin To Net: NetName=d_N Pin=IC2-20
Added Pin To Net: NetName=d_N Pin=J1-2
Added Net: Name=d_N
Added Pin To Net: NetName=d_P Pin=IC2-18
Added Pin To Net: NetName=d_P Pin=J1-3
Added Net: Name=d_P
Added Pin To Net: NetName=dm Pin=IC3-6
Added Pin To Net: NetName=dm Pin=J2-2
Added Net: Name=dm
Added Pin To Net: NetName=dp Pin=IC3-7
Added Pin To Net: NetName=dp Pin=J2-3
Added Net: Name=dp
Added Pin To Net: NetName=eeclk Pin=IC3-44
Added Pin To Net: NetName=eeclk Pin=IC4-4
Added Net: Name=eeclk
Added Pin To Net: NetName=eecs Pin=IC3-45
Added Pin To Net: NetName=eecs Pin=IC4-5
Added Net: Name=eecs
Added Pin To Net: NetName=eedat Pin=IC3-43
Added Pin To Net: NetName=eedat Pin=IC4-3
Added Net: Name=eedat
Added Pin To Net: NetName=fbe0 Pin=IC1-78
Added Pin To Net: NetName=fbe0 Pin=IC2-2
Added Net: Name=fbe0
Added Pin To Net: NetName=fbe1 Pin=IC1-79
Added Pin To Net: NetName=fbe1 Pin=IC2-3
Added Net: Name=fbe1
Added Pin To Net: NetName=fclk Pin=IC1-93
Added Pin To Net: NetName=fclk Pin=IC2-43
Added Net: Name=fclk
Added Pin To Net: NetName=fd0 Pin=IC1-107
Added Pin To Net: NetName=fd0 Pin=IC2-33
Added Net: Name=fd0
Added Pin To Net: NetName=fd1 Pin=IC1-106
Added Pin To Net: NetName=fd1 Pin=IC2-34
Added Net: Name=fd1
Added Pin To Net: NetName=fd2 Pin=IC1-105
Added Pin To Net: NetName=fd2 Pin=IC2-35
Added Net: Name=fd2
Added Pin To Net: NetName=fd3 Pin=IC1-104
Added Pin To Net: NetName=fd3 Pin=IC2-36
Added Net: Name=fd3
Added Pin To Net: NetName=fd4 Pin=IC1-102
Added Pin To Net: NetName=fd4 Pin=IC2-39
Added Net: Name=fd4
Added Pin To Net: NetName=fd5 Pin=IC1-101
Added Pin To Net: NetName=fd5 Pin=IC2-40
Added Net: Name=fd5
Added Pin To Net: NetName=fd6 Pin=IC1-99
Added Pin To Net: NetName=fd6 Pin=IC2-41
Added Net: Name=fd6
Added Pin To Net: NetName=fd7 Pin=IC1-98
Added Pin To Net: NetName=fd7 Pin=IC2-42
Added Net: Name=fd7
Added Pin To Net: NetName=fd8 Pin=IC1-97
Added Pin To Net: NetName=fd8 Pin=IC2-45
Added Net: Name=fd8
Added Pin To Net: NetName=fd9 Pin=IC1-96
Added Pin To Net: NetName=fd9 Pin=IC2-46
Added Net: Name=fd9
Added Pin To Net: NetName=fd10 Pin=IC1-95
Added Pin To Net: NetName=fd10 Pin=IC2-47
Added Net: Name=fd10
Added Pin To Net: NetName=fd11 Pin=IC1-91
Added Pin To Net: NetName=fd11 Pin=IC2-48
Added Net: Name=fd11
Added Pin To Net: NetName=fd12 Pin=IC1-90
Added Pin To Net: NetName=fd12 Pin=IC2-53
Added Net: Name=fd12
Added Pin To Net: NetName=fd13 Pin=IC1-88
Added Pin To Net: NetName=fd13 Pin=IC2-54
Added Net: Name=fd13
Added Pin To Net: NetName=fd14 Pin=IC1-87
Added Pin To Net: NetName=fd14 Pin=IC2-55
Added Net: Name=fd14
Added Pin To Net: NetName=fd15 Pin=IC1-85
Added Pin To Net: NetName=fd15 Pin=IC2-56
Added Net: Name=fd15
Added Pin To Net: NetName=foe Pin=IC1-84
Added Pin To Net: NetName=foe Pin=IC2-9
Added Net: Name=foe
Added Pin To Net: NetName=frd Pin=IC1-83
Added Pin To Net: NetName=frd Pin=IC2-8
Added Net: Name=frd
Added Pin To Net: NetName=frxf Pin=IC1-81
Added Pin To Net: NetName=frxf Pin=IC2-5
Added Net: Name=frxf
Added Pin To Net: NetName=ft_cs Pin=IC1-71
Added Pin To Net: NetName=ft_cs Pin=IC3-17
Added Pin To Net: NetName=ft_cs Pin=IC5-1
Added Net: Name=ft_cs
Added Pin To Net: NetName=ft_miso Pin=IC3-15
Added Pin To Net: NetName=ft_miso Pin=IC5-2
Added Pin To Net: NetName=ft_miso Pin=JP4-2
Added Net: Name=ft_miso
Added Pin To Net: NetName=ft_mosi Pin=IC3-14
Added Pin To Net: NetName=ft_mosi Pin=IC5-5
Added Pin To Net: NetName=ft_mosi Pin=JP3-1
Added Net: Name=ft_mosi
Added Pin To Net: NetName=ft_sck Pin=IC1-70
Added Pin To Net: NetName=ft_sck Pin=IC3-13
Added Pin To Net: NetName=ft_sck Pin=IC5-6
Added Net: Name=ft_sck
Added Pin To Net: NetName=ftxe Pin=IC1-80
Added Pin To Net: NetName=ftxe Pin=IC2-4
Added Net: Name=ftxe
Added Pin To Net: NetName=fwr Pin=IC1-82
Added Pin To Net: NetName=fwr Pin=IC2-7
Added Net: Name=fwr
Added Pin To Net: NetName=GND Pin=C1-1
Added Pin To Net: NetName=GND Pin=C2-1
Added Pin To Net: NetName=GND Pin=C3-1
Added Pin To Net: NetName=GND Pin=C4-1
Added Pin To Net: NetName=GND Pin=C5-1
Added Pin To Net: NetName=GND Pin=C6-1
Added Pin To Net: NetName=GND Pin=C7-1
Added Pin To Net: NetName=GND Pin=C8-1
Added Pin To Net: NetName=GND Pin=C9-1
Added Pin To Net: NetName=GND Pin=C10-1
Added Pin To Net: NetName=GND Pin=C11-2
Added Pin To Net: NetName=GND Pin=C12-1
Added Pin To Net: NetName=GND Pin=C13-1
Added Pin To Net: NetName=GND Pin=C14-1
Added Pin To Net: NetName=GND Pin=C15-1
Added Pin To Net: NetName=GND Pin=C17-1
Added Pin To Net: NetName=GND Pin=C20-1
Added Pin To Net: NetName=GND Pin=C21-1
Added Pin To Net: NetName=GND Pin=C23-2
Added Pin To Net: NetName=GND Pin=C24-1
Added Pin To Net: NetName=GND Pin=C25-2
Added Pin To Net: NetName=GND Pin=C26-2
Added Pin To Net: NetName=GND Pin=C27-2
Added Pin To Net: NetName=GND Pin=C28-2
Added Pin To Net: NetName=GND Pin=C29-1
Added Pin To Net: NetName=GND Pin=C30-2
Added Pin To Net: NetName=GND Pin=C31-2
Added Pin To Net: NetName=GND Pin=C32-2
Added Pin To Net: NetName=GND Pin=C33-2
Added Pin To Net: NetName=GND Pin=C34-2
Added Pin To Net: NetName=GND Pin=C35-2
Added Pin To Net: NetName=GND Pin=C36-2
Added Pin To Net: NetName=GND Pin=C37-2
Added Pin To Net: NetName=GND Pin=C38-2
Added Pin To Net: NetName=GND Pin=C39-1
Added Pin To Net: NetName=GND Pin=C40-1
Added Pin To Net: NetName=GND Pin=C41-2
Added Pin To Net: NetName=GND Pin=C42-2
Added Pin To Net: NetName=GND Pin=C43-2
Added Pin To Net: NetName=GND Pin=C44-2
Added Pin To Net: NetName=GND Pin=C45-1
Added Pin To Net: NetName=GND Pin=C46-2
Added Pin To Net: NetName=GND Pin=C49-2
Added Pin To Net: NetName=GND Pin=C50-2
Added Pin To Net: NetName=GND Pin=C51-2
Added Pin To Net: NetName=GND Pin=C52-2
Added Pin To Net: NetName=GND Pin=C53-2
Added Pin To Net: NetName=GND Pin=C54-2
Added Pin To Net: NetName=GND Pin=C56-2
Added Pin To Net: NetName=GND Pin=C57-2
Added Pin To Net: NetName=GND Pin=C58-2
Added Pin To Net: NetName=GND Pin=C59-2
Added Pin To Net: NetName=GND Pin=C60-2
Added Pin To Net: NetName=GND Pin=C61-2
Added Pin To Net: NetName=GND Pin=IC1-5
Added Pin To Net: NetName=GND Pin=IC1-13
Added Pin To Net: NetName=GND Pin=IC1-14
Added Pin To Net: NetName=GND Pin=IC1-59
Added Pin To Net: NetName=GND Pin=IC1-69
Added Pin To Net: NetName=GND Pin=IC1-86
Added Pin To Net: NetName=GND Pin=IC1-103
Added Pin To Net: NetName=GND Pin=IC1-132
Added Pin To Net: NetName=GND Pin=IC1-140
Added Pin To Net: NetName=GND Pin=IC2-32
Added Pin To Net: NetName=GND Pin=IC2-49
Added Pin To Net: NetName=GND Pin=IC2-51
Added Pin To Net: NetName=GND Pin=IC2-57
Added Pin To Net: NetName=GND Pin=IC3-4
Added Pin To Net: NetName=GND Pin=IC3-9
Added Pin To Net: NetName=GND Pin=IC3-10
Added Pin To Net: NetName=GND Pin=IC3-11
Added Pin To Net: NetName=GND Pin=IC3-22
Added Pin To Net: NetName=GND Pin=IC3-23
Added Pin To Net: NetName=GND Pin=IC3-35
Added Pin To Net: NetName=GND Pin=IC3-36
Added Pin To Net: NetName=GND Pin=IC3-41
Added Pin To Net: NetName=GND Pin=IC3-42
Added Pin To Net: NetName=GND Pin=IC3-47
Added Pin To Net: NetName=GND Pin=IC3-48
Added Pin To Net: NetName=GND Pin=IC4-2
Added Pin To Net: NetName=GND Pin=IC5-4
Added Pin To Net: NetName=GND Pin=J1-5
Added Pin To Net: NetName=GND Pin=J1-8
Added Pin To Net: NetName=GND Pin=J1-MH1
Added Pin To Net: NetName=GND Pin=J1-MH2
Added Pin To Net: NetName=GND Pin=J1-MH3
Added Pin To Net: NetName=GND Pin=J1-MH4
Added Pin To Net: NetName=GND Pin=J1-MH5
Added Pin To Net: NetName=GND Pin=J1-MP1
Added Pin To Net: NetName=GND Pin=J2-5
Added Pin To Net: NetName=GND Pin=J2-MH1
Added Pin To Net: NetName=GND Pin=J2-MH2
Added Pin To Net: NetName=GND Pin=J2-MH3
Added Pin To Net: NetName=GND Pin=J2-MH4
Added Pin To Net: NetName=GND Pin=K7-2
Added Pin To Net: NetName=GND Pin=K7-2
Added Pin To Net: NetName=GND Pin=K7-2
Added Pin To Net: NetName=GND Pin=K7-2
Added Pin To Net: NetName=GND Pin=PS1-1
Added Pin To Net: NetName=GND Pin=PS2-1
Added Pin To Net: NetName=GND Pin=PS3-1
Added Pin To Net: NetName=GND Pin=U2-2
Added Pin To Net: NetName=GND Pin=U2-5
Added Pin To Net: NetName=GND Pin=U2-7
Added Pin To Net: NetName=GND Pin=U2-8
Added Pin To Net: NetName=GND Pin=U2-11
Added Pin To Net: NetName=GND Pin=U2-17
Added Pin To Net: NetName=GND Pin=U3-2
Added Pin To Net: NetName=GND Pin=Y1-2
Added Pin To Net: NetName=GND Pin=Y1-4
Added Pin To Net: NetName=GND Pin=Y2-2
Added Net: Name=GND
Added Pin To Net: NetName=GPLL0 Pin=C16-2
Added Pin To Net: NetName=GPLL0 Pin=IC1-53
Added Net: Name=GPLL0
Added Pin To Net: NetName=GPLL1 Pin=C18-2
Added Pin To Net: NetName=GPLL1 Pin=IC1-127
Added Net: Name=GPLL1
Added Pin To Net: NetName=h_sdi Pin=IC1-68
Added Pin To Net: NetName=h_sdi Pin=JP4-1
Added Net: Name=h_sdi
Added Pin To Net: NetName=h_sdo Pin=IC1-67
Added Pin To Net: NetName=h_sdo Pin=JP3-2
Added Net: Name=h_sdo
Added Pin To Net: NetName=hclk Pin=IC1-94
Added Net: Name=hclk
Added Pin To Net: NetName=In1V Pin=C23-1
Added Pin To Net: NetName=In1V Pin=IC2-1
Added Pin To Net: NetName=In1V Pin=IC2-23
Added Pin To Net: NetName=In1V Pin=IC2-26
Added Pin To Net: NetName=In1V Pin=IC2-31
Added Pin To Net: NetName=In1V Pin=IC2-37
Added Pin To Net: NetName=In1V Pin=IC2-50
Added Net: Name=In1V
Added Pin To Net: NetName=LBLUE Pin=IC1-75
Added Net: Name=LBLUE
Added Pin To Net: NetName=LGRN Pin=IC1-74
Added Net: Name=LGRN
Added Pin To Net: NetName=LRED Pin=IC1-73
Added Net: Name=LRED
Added Pin To Net: NetName=NetC11_1 Pin=C11-1
Added Pin To Net: NetName=NetC11_1 Pin=IC2-10
Added Net: Name=NetC11_1
Added Pin To Net: NetName=NetC19_1 Pin=C19-1
Added Pin To Net: NetName=NetC19_1 Pin=J1-6
Added Net: Name=NetC19_1
Added Pin To Net: NetName=NetC22_1 Pin=C22-1
Added Pin To Net: NetName=NetC22_1 Pin=J1-7
Added Net: Name=NetC22_1
Added Pin To Net: NetName=NetC27_1 Pin=C27-1
Added Pin To Net: NetName=NetC27_1 Pin=IC3-38
Added Net: Name=NetC27_1
Added Pin To Net: NetName=NetC28_1 Pin=C28-1
Added Pin To Net: NetName=NetC28_1 Pin=IC3-37
Added Net: Name=NetC28_1
Added Pin To Net: NetName=NetC47_1 Pin=C47-1
Added Pin To Net: NetName=NetC47_1 Pin=R21-2
Added Pin To Net: NetName=NetC47_1 Pin=R21-3
Added Pin To Net: NetName=NetC47_1 Pin=U1-3
Added Net: Name=NetC47_1
Added Pin To Net: NetName=NetC47_2 Pin=C47-2
Added Net: Name=NetC47_2
Added Pin To Net: NetName=NetC48_1 Pin=C48-1
Added Pin To Net: NetName=NetC48_1 Pin=L3-2
Added Pin To Net: NetName=NetC48_1 Pin=U3-1
Added Net: Name=NetC48_1
Added Pin To Net: NetName=NetC48_2 Pin=C48-2
Added Pin To Net: NetName=NetC48_2 Pin=D4-2
Added Pin To Net: NetName=NetC48_2 Pin=U3-5
Added Net: Name=NetC48_2
Added Pin To Net: NetName=NetC49_1 Pin=C49-1
Added Pin To Net: NetName=NetC49_1 Pin=U2-9
Added Net: Name=NetC49_1
Added Pin To Net: NetName=NetC50_1 Pin=C50-1
Added Pin To Net: NetName=NetC50_1 Pin=U2-6
Added Net: Name=NetC50_1
Added Pin To Net: NetName=NetC53_1 Pin=C53-1
Added Pin To Net: NetName=NetC53_1 Pin=L3-1
Added Pin To Net: NetName=NetC53_1 Pin=U3-4
Added Pin To Net: NetName=NetC53_1 Pin=U3-6
Added Net: Name=NetC53_1
Added Pin To Net: NetName=NetC55_1 Pin=C55-1
Added Pin To Net: NetName=NetC55_1 Pin=U3-3
Added Net: Name=NetC55_1
Added Pin To Net: NetName=NetC56_1 Pin=C56-1
Added Pin To Net: NetName=NetC56_1 Pin=C57-1
Added Pin To Net: NetName=NetC56_1 Pin=U2-18
Added Net: Name=NetC56_1
Added Pin To Net: NetName=NetD4_1 Pin=D4-1
Added Net: Name=NetD4_1
Added Pin To Net: NetName=NetIC2_6 Pin=IC2-6
Added Net: Name=NetIC2_6
Added Pin To Net: NetName=NetIC2_11 Pin=IC2-11
Added Net: Name=NetIC2_11
Added Pin To Net: NetName=NetIC2_12 Pin=IC2-12
Added Pin To Net: NetName=NetIC2_12 Pin=JP1-2
Added Net: Name=NetIC2_12
Added Pin To Net: NetName=NetIC2_13 Pin=IC2-13
Added Pin To Net: NetName=NetIC2_13 Pin=JP2-2
Added Net: Name=NetIC2_13
Added Pin To Net: NetName=NetIC2_21 Pin=IC2-21
Added Net: Name=NetIC2_21
Added Pin To Net: NetName=NetIC3_1 Pin=IC3-1
Added Net: Name=NetIC3_1
Added Pin To Net: NetName=NetIC3_5 Pin=IC3-5
Added Net: Name=NetIC3_5
Added Pin To Net: NetName=NetIC4_1 Pin=IC4-1
Added Net: Name=NetIC4_1
Added Pin To Net: NetName=NetJP1_1 Pin=JP1-1
Added Pin To Net: NetName=NetJP1_1 Pin=JP2-1
Added Net: Name=NetJP1_1
Added Pin To Net: NetName=NetK7_1 Pin=K7-1
Added Net: Name=NetK7_1
Added Pin To Net: NetName=NetLED1_1 Pin=LED1-1
Added Net: Name=NetLED1_1
Added Pin To Net: NetName=NetLED1_3 Pin=LED1-3
Added Net: Name=NetLED1_3
Added Pin To Net: NetName=NetLED1_4 Pin=LED1-4
Added Net: Name=NetLED1_4
Added Pin To Net: NetName=NetR10_1 Pin=Y2-3
Added Net: Name=NetR10_1
Added Pin To Net: NetName=NetR21_1 Pin=R21-1
Added Net: Name=NetR21_1
Added Pin To Net: NetName=NetR25_1 Pin=U1-1
Added Net: Name=NetR25_1
Added Pin To Net: NetName=NetR30_1 Pin=R32-2
Added Pin To Net: NetName=NetR30_1 Pin=R32-3
Added Pin To Net: NetName=NetR30_1 Pin=U1-4
Added Net: Name=NetR30_1
Added Pin To Net: NetName=NetR32_1 Pin=R32-1
Added Net: Name=NetR32_1
Added Pin To Net: NetName=p1_1 Pin=IC1-144
Added Net: Name=p1_1
Added Pin To Net: NetName=p1_2 Pin=IC1-143
Added Net: Name=p1_2
Added Pin To Net: NetName=p1_3 Pin=IC1-142
Added Net: Name=p1_3
Added Pin To Net: NetName=p1_4 Pin=IC1-141
Added Net: Name=p1_4
Added Pin To Net: NetName=p1_7 Pin=IC1-139
Added Net: Name=p1_7
Added Pin To Net: NetName=p1_8 Pin=IC1-138
Added Net: Name=p1_8
Added Pin To Net: NetName=p1_9 Pin=IC1-137
Added Net: Name=p1_9
Added Pin To Net: NetName=p1_10 Pin=IC1-136
Added Net: Name=p1_10
Added Pin To Net: NetName=p2_1 Pin=IC1-135
Added Net: Name=p2_1
Added Pin To Net: NetName=p2_2 Pin=IC1-134
Added Net: Name=p2_2
Added Pin To Net: NetName=p2_3 Pin=IC1-133
Added Net: Name=p2_3
Added Pin To Net: NetName=p2_4 Pin=IC1-129
Added Net: Name=p2_4
Added Pin To Net: NetName=p2_7 Pin=IC1-130
Added Net: Name=p2_7
Added Pin To Net: NetName=p2_8 Pin=IC1-128
Added Net: Name=p2_8
Added Pin To Net: NetName=p2_9 Pin=IC1-125
Added Net: Name=p2_9
Added Pin To Net: NetName=p2_10 Pin=IC1-124
Added Net: Name=p2_10
Added Pin To Net: NetName=p3_1 Pin=IC1-121
Added Net: Name=p3_1
Added Pin To Net: NetName=p3_2 Pin=IC1-119
Added Net: Name=p3_2
Added Pin To Net: NetName=p3_3 Pin=IC1-117
Added Net: Name=p3_3
Added Pin To Net: NetName=p3_4 Pin=IC1-115
Added Net: Name=p3_4
Added Pin To Net: NetName=p3_7 Pin=IC1-120
Added Net: Name=p3_7
Added Pin To Net: NetName=p3_8 Pin=IC1-118
Added Net: Name=p3_8
Added Pin To Net: NetName=p3_9 Pin=IC1-116
Added Net: Name=p3_9
Added Pin To Net: NetName=p3_10 Pin=IC1-114
Added Net: Name=p3_10
Added Pin To Net: NetName=p4_1 Pin=IC1-37
Added Net: Name=p4_1
Added Pin To Net: NetName=p4_2 Pin=IC1-39
Added Net: Name=p4_2
Added Pin To Net: NetName=p4_3 Pin=IC1-42
Added Net: Name=p4_3
Added Pin To Net: NetName=p4_4 Pin=IC1-44
Added Net: Name=p4_4
Added Pin To Net: NetName=p4_7 Pin=IC1-38
Added Net: Name=p4_7
Added Pin To Net: NetName=p4_8 Pin=IC1-41
Added Net: Name=p4_8
Added Pin To Net: NetName=p4_9 Pin=IC1-43
Added Net: Name=p4_9
Added Pin To Net: NetName=p4_10 Pin=IC1-45
Added Net: Name=p4_10
Added Pin To Net: NetName=p5_1 Pin=IC1-48
Added Net: Name=p5_1
Added Pin To Net: NetName=p5_2 Pin=IC1-55
Added Net: Name=p5_2
Added Pin To Net: NetName=p5_3 Pin=IC1-60
Added Net: Name=p5_3
Added Pin To Net: NetName=p5_4 Pin=IC1-52
Added Net: Name=p5_4
Added Pin To Net: NetName=p5_7 Pin=IC1-47
Added Net: Name=p5_7
Added Pin To Net: NetName=p5_8 Pin=IC1-49
Added Net: Name=p5_8
Added Pin To Net: NetName=p5_9 Pin=IC1-56
Added Net: Name=p5_9
Added Pin To Net: NetName=p5_10 Pin=IC1-61
Added Net: Name=p5_10
Added Pin To Net: NetName=p6_1 Pin=IC3-21
Added Net: Name=p6_1
Added Pin To Net: NetName=p6_2 Pin=IC3-26
Added Net: Name=p6_2
Added Pin To Net: NetName=p6_3 Pin=IC3-28
Added Net: Name=p6_3
Added Pin To Net: NetName=p6_4 Pin=IC3-30
Added Net: Name=p6_4
Added Pin To Net: NetName=p6_7 Pin=IC3-25
Added Net: Name=p6_7
Added Pin To Net: NetName=p6_8 Pin=IC3-27
Added Net: Name=p6_8
Added Pin To Net: NetName=p6_9 Pin=IC3-29
Added Net: Name=p6_9
Added Pin To Net: NetName=p6_10 Pin=IC3-31
Added Net: Name=p6_10
Added Pin To Net: NetName=RB Pin=C60-1
Added Pin To Net: NetName=RB Pin=C61-1
Added Pin To Net: NetName=RB Pin=U2-10
Added Net: Name=RB
Added Pin To Net: NetName=RT Pin=C58-1
Added Pin To Net: NetName=RT Pin=C59-1
Added Pin To Net: NetName=RT Pin=U2-3
Added Net: Name=RT
Added Pin To Net: NetName=rx_N Pin=IC2-27
Added Pin To Net: NetName=rx_N Pin=J1-9
Added Net: Name=rx_N
Added Pin To Net: NetName=rx_P Pin=IC2-28
Added Pin To Net: NetName=rx_P Pin=J1-10
Added Net: Name=rx_P
Added Pin To Net: NetName=tx_N Pin=C19-2
Added Pin To Net: NetName=tx_N Pin=IC2-24
Added Net: Name=tx_N
Added Pin To Net: NetName=tx_P Pin=C22-2
Added Pin To Net: NetName=tx_P Pin=IC2-25
Added Net: Name=tx_P
Added Pin To Net: NetName=VBUS Pin=C30-1
Added Pin To Net: NetName=VBUS Pin=C31-1
Added Pin To Net: NetName=VBUS Pin=C37-1
Added Pin To Net: NetName=VBUS Pin=C39-2
Added Pin To Net: NetName=VBUS Pin=C45-2
Added Pin To Net: NetName=VBUS Pin=D2-2
Added Pin To Net: NetName=VBUS Pin=D3-2
Added Pin To Net: NetName=VBUS Pin=IC2-29
Added Pin To Net: NetName=VBUS Pin=IC3-40
Added Pin To Net: NetName=VBUS Pin=PS1-3
Added Pin To Net: NetName=VBUS Pin=PS2-3
Added Pin To Net: NetName=VBUS Pin=PS3-3
Added Net: Name=VBUS
Added Pin To Net: NetName=vphy Pin=C34-1
Added Pin To Net: NetName=vphy Pin=C35-1
Added Pin To Net: NetName=vphy Pin=IC3-3
Added Net: Name=vphy
Added Pin To Net: NetName=VPLL0 Pin=C16-1
Added Pin To Net: NetName=VPLL0 Pin=IC1-54
Added Net: Name=VPLL0
Added Pin To Net: NetName=VPLL1 Pin=C18-1
Added Pin To Net: NetName=VPLL1 Pin=IC1-126
Added Net: Name=VPLL1
Added Pin To Net: NetName=vpll Pin=C41-1
Added Pin To Net: NetName=vpll Pin=C42-1
Added Pin To Net: NetName=vpll Pin=IC3-8
Added Net: Name=vpll
Added Pin To Net: NetName=xi Pin=C24-2
Added Pin To Net: NetName=xi Pin=IC2-16
Added Pin To Net: NetName=xi Pin=Y1-1
Added Net: Name=xi
Added Pin To Net: NetName=xo Pin=C25-1
Added Pin To Net: NetName=xo Pin=IC2-17
Added Pin To Net: NetName=xo Pin=Y1-3
Added Net: Name=xo
Added Class: Name=ft600hx4k
Added Class: Name=data
Added Class: Name=ft
Added Differential Pair: Name=d
Added Differential Pair: Name=rx
Added Differential Pair: Name=tx
Added Room: Name=ft600hx4k
Added Rule: Name=Schematic Matched Net Lengths
Added Rule: Name=Schematic Matched Net Lengths_1
