Removed Pin From Net: NetName=+3V Pin=C20-2
Removed Pin From Net: NetName=+3V Pin=C21-2
Removed Pin From Net: NetName=+3V Pin=C44-1
Removed Pin From Net: NetName=+3V Pin=IC1-6
Removed Pin From Net: NetName=aD0 Pin=IC1-21
Removed Pin From Net: NetName=+3V Pin=IC1-30
Removed Pin From Net: NetName=+3V Pin=PS3-2
Removed Member From Class: ClassName=ft600hx4k Member=K7
Change Component Comment : Designator=PS3 Old Comment=AP2127N-3.0TRG1 New Comment=AP2127N-1.8TRG1
Added Component: Designator=C43(SM0603 _3D_cap)
Add component (AddParameter): Name = "LatestRevisionDate"; Value = "17-Jul-2002"; VariantName = "[No Variations]"
Add component (AddParameter): Name = "LatestRevisionNote"; Value = "Re-released for DXP Platform."; VariantName = "[No Variations]"
Add component (AddParameter): Name = "PackageDescription"; Value = "Radial Cap, Thru-Hole; 2 Leads; 0.3 in Pin Spacing"; VariantName = "[No Variations]"
Add component (AddParameter): Name = "PackageReference"; Value = "RAD-0.3"; VariantName = "[No Variations]"
Add component (AddParameter): Name = "Published"; Value = "8-Jun-2000"; VariantName = "[No Variations]"
Add component (AddParameter): Name = "Publisher"; Value = "Altium Limited"; VariantName = "[No Variations]"
Add component (AddParameter): Name = "Value"; Value = "0.1"; VariantName = "[No Variations]"
Added Component: Designator=C46(SM0603 _3D_cap)
Add component (AddParameter): Name = "LatestRevisionDate"; Value = "17-Jul-2002"; VariantName = "[No Variations]"
Add component (AddParameter): Name = "LatestRevisionNote"; Value = "Re-released for DXP Platform."; VariantName = "[No Variations]"
Add component (AddParameter): Name = "PackageDescription"; Value = "Radial Cap, Thru-Hole; 2 Leads; 0.3 in Pin Spacing"; VariantName = "[No Variations]"
Add component (AddParameter): Name = "PackageReference"; Value = "RAD-0.3"; VariantName = "[No Variations]"
Add component (AddParameter): Name = "Published"; Value = "8-Jun-2000"; VariantName = "[No Variations]"
Add component (AddParameter): Name = "Publisher"; Value = "Altium Limited"; VariantName = "[No Variations]"
Add component (AddParameter): Name = "Value"; Value = "18n"; VariantName = "[No Variations]"
Added Component: Designator=C47(SM0603 _3D_cap)
Add component (AddParameter): Name = "LatestRevisionDate"; Value = "17-Jul-2002"; VariantName = "[No Variations]"
Add component (AddParameter): Name = "LatestRevisionNote"; Value = "Re-released for DXP Platform."; VariantName = "[No Variations]"
Add component (AddParameter): Name = "PackageDescription"; Value = "Radial Cap, Thru-Hole; 2 Leads; 0.3 in Pin Spacing"; VariantName = "[No Variations]"
Add component (AddParameter): Name = "PackageReference"; Value = "RAD-0.3"; VariantName = "[No Variations]"
Add component (AddParameter): Name = "Published"; Value = "8-Jun-2000"; VariantName = "[No Variations]"
Add component (AddParameter): Name = "Publisher"; Value = "Altium Limited"; VariantName = "[No Variations]"
Add component (AddParameter): Name = "Value"; Value = "22"; VariantName = "[No Variations]"
Added Component: Designator=C48(SM0603 _3D_cap)
Add component (AddParameter): Name = "LatestRevisionDate"; Value = "17-Jul-2002"; VariantName = "[No Variations]"
Add component (AddParameter): Name = "LatestRevisionNote"; Value = "Re-released for DXP Platform."; VariantName = "[No Variations]"
Add component (AddParameter): Name = "PackageDescription"; Value = "Radial Cap, Thru-Hole; 2 Leads; 0.3 in Pin Spacing"; VariantName = "[No Variations]"
Add component (AddParameter): Name = "PackageReference"; Value = "RAD-0.3"; VariantName = "[No Variations]"
Add component (AddParameter): Name = "Published"; Value = "8-Jun-2000"; VariantName = "[No Variations]"
Add component (AddParameter): Name = "Publisher"; Value = "Altium Limited"; VariantName = "[No Variations]"
Add component (AddParameter): Name = "Value"; Value = "0.1"; VariantName = "[No Variations]"
Added Component: Designator=C49(SM0603 _3D_cap)
Add component (AddParameter): Name = "LatestRevisionDate"; Value = "17-Jul-2002"; VariantName = "[No Variations]"
Add component (AddParameter): Name = "LatestRevisionNote"; Value = "Re-released for DXP Platform."; VariantName = "[No Variations]"
Add component (AddParameter): Name = "PackageDescription"; Value = "Radial Cap, Thru-Hole; 2 Leads; 0.3 in Pin Spacing"; VariantName = "[No Variations]"
Add component (AddParameter): Name = "PackageReference"; Value = "RAD-0.3"; VariantName = "[No Variations]"
Add component (AddParameter): Name = "Published"; Value = "8-Jun-2000"; VariantName = "[No Variations]"
Add component (AddParameter): Name = "Publisher"; Value = "Altium Limited"; VariantName = "[No Variations]"
Add component (AddParameter): Name = "Value"; Value = "0.1"; VariantName = "[No Variations]"
Added Component: Designator=C50(SM0603 _3D_cap)
Add component (AddParameter): Name = "LatestRevisionDate"; Value = "17-Jul-2002"; VariantName = "[No Variations]"
Add component (AddParameter): Name = "LatestRevisionNote"; Value = "Re-released for DXP Platform."; VariantName = "[No Variations]"
Add component (AddParameter): Name = "PackageDescription"; Value = "Radial Cap, Thru-Hole; 2 Leads; 0.3 in Pin Spacing"; VariantName = "[No Variations]"
Add component (AddParameter): Name = "PackageReference"; Value = "RAD-0.3"; VariantName = "[No Variations]"
Add component (AddParameter): Name = "Published"; Value = "8-Jun-2000"; VariantName = "[No Variations]"
Add component (AddParameter): Name = "Publisher"; Value = "Altium Limited"; VariantName = "[No Variations]"
Add component (AddParameter): Name = "Value"; Value = "1n"; VariantName = "[No Variations]"
Added Component: Designator=C51(SM0603 _3D_cap)
Add component (AddParameter): Name = "LatestRevisionDate"; Value = "17-Jul-2002"; VariantName = "[No Variations]"
Add component (AddParameter): Name = "LatestRevisionNote"; Value = "Re-released for DXP Platform."; VariantName = "[No Variations]"
Add component (AddParameter): Name = "PackageDescription"; Value = "Radial Cap, Thru-Hole; 2 Leads; 0.3 in Pin Spacing"; VariantName = "[No Variations]"
Add component (AddParameter): Name = "PackageReference"; Value = "RAD-0.3"; VariantName = "[No Variations]"
Add component (AddParameter): Name = "Published"; Value = "8-Jun-2000"; VariantName = "[No Variations]"
Add component (AddParameter): Name = "Publisher"; Value = "Altium Limited"; VariantName = "[No Variations]"
Add component (AddParameter): Name = "Value"; Value = "10u"; VariantName = "[No Variations]"
Added Component: Designator=C52(SM0603 _3D_cap)
Add component (AddParameter): Name = "LatestRevisionDate"; Value = "17-Jul-2002"; VariantName = "[No Variations]"
Add component (AddParameter): Name = "LatestRevisionNote"; Value = "Re-released for DXP Platform."; VariantName = "[No Variations]"
Add component (AddParameter): Name = "PackageDescription"; Value = "Radial Cap, Thru-Hole; 2 Leads; 0.3 in Pin Spacing"; VariantName = "[No Variations]"
Add component (AddParameter): Name = "PackageReference"; Value = "RAD-0.3"; VariantName = "[No Variations]"
Add component (AddParameter): Name = "Published"; Value = "8-Jun-2000"; VariantName = "[No Variations]"
Add component (AddParameter): Name = "Publisher"; Value = "Altium Limited"; VariantName = "[No Variations]"
Add component (AddParameter): Name = "Value"; Value = "0.1"; VariantName = "[No Variations]"
Added Component: Designator=C53(SM0603 _3D_cap)
Add component (AddParameter): Name = "LatestRevisionDate"; Value = "17-Jul-2002"; VariantName = "[No Variations]"
Add component (AddParameter): Name = "LatestRevisionNote"; Value = "Re-released for DXP Platform."; VariantName = "[No Variations]"
Add component (AddParameter): Name = "PackageDescription"; Value = "Radial Cap, Thru-Hole; 2 Leads; 0.3 in Pin Spacing"; VariantName = "[No Variations]"
Add component (AddParameter): Name = "PackageReference"; Value = "RAD-0.3"; VariantName = "[No Variations]"
Add component (AddParameter): Name = "Published"; Value = "8-Jun-2000"; VariantName = "[No Variations]"
Add component (AddParameter): Name = "Publisher"; Value = "Altium Limited"; VariantName = "[No Variations]"
Add component (AddParameter): Name = "Value"; Value = "0.1"; VariantName = "[No Variations]"
Added Component: Designator=C54(SM0603 _3D_cap)
Add component (AddParameter): Name = "LatestRevisionDate"; Value = "17-Jul-2002"; VariantName = "[No Variations]"
Add component (AddParameter): Name = "LatestRevisionNote"; Value = "Re-released for DXP Platform."; VariantName = "[No Variations]"
Add component (AddParameter): Name = "PackageDescription"; Value = "Radial Cap, Thru-Hole; 2 Leads; 0.3 in Pin Spacing"; VariantName = "[No Variations]"
Add component (AddParameter): Name = "PackageReference"; Value = "RAD-0.3"; VariantName = "[No Variations]"
Add component (AddParameter): Name = "Published"; Value = "8-Jun-2000"; VariantName = "[No Variations]"
Add component (AddParameter): Name = "Publisher"; Value = "Altium Limited"; VariantName = "[No Variations]"
Add component (AddParameter): Name = "Value"; Value = "0.1"; VariantName = "[No Variations]"
Added Component: Designator=C55(SM0603 _3D_cap)
Add component (AddParameter): Name = "LatestRevisionDate"; Value = "17-Jul-2002"; VariantName = "[No Variations]"
Add component (AddParameter): Name = "LatestRevisionNote"; Value = "Re-released for DXP Platform."; VariantName = "[No Variations]"
Add component (AddParameter): Name = "PackageDescription"; Value = "Radial Cap, Thru-Hole; 2 Leads; 0.3 in Pin Spacing"; VariantName = "[No Variations]"
Add component (AddParameter): Name = "PackageReference"; Value = "RAD-0.3"; VariantName = "[No Variations]"
Add component (AddParameter): Name = "Published"; Value = "8-Jun-2000"; VariantName = "[No Variations]"
Add component (AddParameter): Name = "Publisher"; Value = "Altium Limited"; VariantName = "[No Variations]"
Add component (AddParameter): Name = "Value"; Value = "10u"; VariantName = "[No Variations]"
Added Component: Designator=C56(SM0603 _3D_cap)
Add component (AddParameter): Name = "LatestRevisionDate"; Value = "17-Jul-2002"; VariantName = "[No Variations]"
Add component (AddParameter): Name = "LatestRevisionNote"; Value = "Re-released for DXP Platform."; VariantName = "[No Variations]"
Add component (AddParameter): Name = "PackageDescription"; Value = "Radial Cap, Thru-Hole; 2 Leads; 0.3 in Pin Spacing"; VariantName = "[No Variations]"
Add component (AddParameter): Name = "PackageReference"; Value = "RAD-0.3"; VariantName = "[No Variations]"
Add component (AddParameter): Name = "Published"; Value = "8-Jun-2000"; VariantName = "[No Variations]"
Add component (AddParameter): Name = "Publisher"; Value = "Altium Limited"; VariantName = "[No Variations]"
Add component (AddParameter): Name = "Value"; Value = "0.1"; VariantName = "[No Variations]"
Added Component: Designator=C57(SM0603 _3D_cap)
Add component (AddParameter): Name = "LatestRevisionDate"; Value = "17-Jul-2002"; VariantName = "[No Variations]"
Add component (AddParameter): Name = "LatestRevisionNote"; Value = "Re-released for DXP Platform."; VariantName = "[No Variations]"
Add component (AddParameter): Name = "PackageDescription"; Value = "Radial Cap, Thru-Hole; 2 Leads; 0.3 in Pin Spacing"; VariantName = "[No Variations]"
Add component (AddParameter): Name = "PackageReference"; Value = "RAD-0.3"; VariantName = "[No Variations]"
Add component (AddParameter): Name = "Published"; Value = "8-Jun-2000"; VariantName = "[No Variations]"
Add component (AddParameter): Name = "Publisher"; Value = "Altium Limited"; VariantName = "[No Variations]"
Add component (AddParameter): Name = "Value"; Value = "18pf"; VariantName = "[No Variations]"
Added Component: Designator=C58(SM0603 _3D_cap)
Add component (AddParameter): Name = "LatestRevisionDate"; Value = "17-Jul-2002"; VariantName = "[No Variations]"
Add component (AddParameter): Name = "LatestRevisionNote"; Value = "Re-released for DXP Platform."; VariantName = "[No Variations]"
Add component (AddParameter): Name = "PackageDescription"; Value = "Radial Cap, Thru-Hole; 2 Leads; 0.3 in Pin Spacing"; VariantName = "[No Variations]"
Add component (AddParameter): Name = "PackageReference"; Value = "RAD-0.3"; VariantName = "[No Variations]"
Add component (AddParameter): Name = "Published"; Value = "8-Jun-2000"; VariantName = "[No Variations]"
Add component (AddParameter): Name = "Publisher"; Value = "Altium Limited"; VariantName = "[No Variations]"
Add component (AddParameter): Name = "Value"; Value = "0.1"; VariantName = "[No Variations]"
Added Component: Designator=C59(SM0603 _3D_cap)
Add component (AddParameter): Name = "LatestRevisionDate"; Value = "17-Jul-2002"; VariantName = "[No Variations]"
Add component (AddParameter): Name = "LatestRevisionNote"; Value = "Re-released for DXP Platform."; VariantName = "[No Variations]"
Add component (AddParameter): Name = "PackageDescription"; Value = "Radial Cap, Thru-Hole; 2 Leads; 0.3 in Pin Spacing"; VariantName = "[No Variations]"
Add component (AddParameter): Name = "PackageReference"; Value = "RAD-0.3"; VariantName = "[No Variations]"
Add component (AddParameter): Name = "Published"; Value = "8-Jun-2000"; VariantName = "[No Variations]"
Add component (AddParameter): Name = "Publisher"; Value = "Altium Limited"; VariantName = "[No Variations]"
Add component (AddParameter): Name = "Value"; Value = "0.1"; VariantName = "[No Variations]"
Added Component: Designator=C60(SM0603 _3D_cap)
Add component (AddParameter): Name = "LatestRevisionDate"; Value = "17-Jul-2002"; VariantName = "[No Variations]"
Add component (AddParameter): Name = "LatestRevisionNote"; Value = "Re-released for DXP Platform."; VariantName = "[No Variations]"
Add component (AddParameter): Name = "PackageDescription"; Value = "Radial Cap, Thru-Hole; 2 Leads; 0.3 in Pin Spacing"; VariantName = "[No Variations]"
Add component (AddParameter): Name = "PackageReference"; Value = "RAD-0.3"; VariantName = "[No Variations]"
Add component (AddParameter): Name = "Published"; Value = "8-Jun-2000"; VariantName = "[No Variations]"
Add component (AddParameter): Name = "Publisher"; Value = "Altium Limited"; VariantName = "[No Variations]"
Add component (AddParameter): Name = "Value"; Value = "0.1"; VariantName = "[No Variations]"
Added Component: Designator=C61(SM0603 _3D_cap)
Add component (AddParameter): Name = "LatestRevisionDate"; Value = "17-Jul-2002"; VariantName = "[No Variations]"
Add component (AddParameter): Name = "LatestRevisionNote"; Value = "Re-released for DXP Platform."; VariantName = "[No Variations]"
Add component (AddParameter): Name = "PackageDescription"; Value = "Radial Cap, Thru-Hole; 2 Leads; 0.3 in Pin Spacing"; VariantName = "[No Variations]"
Add component (AddParameter): Name = "PackageReference"; Value = "RAD-0.3"; VariantName = "[No Variations]"
Add component (AddParameter): Name = "Published"; Value = "8-Jun-2000"; VariantName = "[No Variations]"
Add component (AddParameter): Name = "Publisher"; Value = "Altium Limited"; VariantName = "[No Variations]"
Add component (AddParameter): Name = "Value"; Value = "0.1"; VariantName = "[No Variations]"
Added Component: Designator=C62(SM0603 _3D_cap)
Add component (AddParameter): Name = "LatestRevisionDate"; Value = "17-Jul-2002"; VariantName = "[No Variations]"
Add component (AddParameter): Name = "LatestRevisionNote"; Value = "Re-released for DXP Platform."; VariantName = "[No Variations]"
Add component (AddParameter): Name = "PackageDescription"; Value = "Radial Cap, Thru-Hole; 2 Leads; 0.3 in Pin Spacing"; VariantName = "[No Variations]"
Add component (AddParameter): Name = "PackageReference"; Value = "RAD-0.3"; VariantName = "[No Variations]"
Add component (AddParameter): Name = "Published"; Value = "8-Jun-2000"; VariantName = "[No Variations]"
Add component (AddParameter): Name = "Publisher"; Value = "Altium Limited"; VariantName = "[No Variations]"
Add component (AddParameter): Name = "Value"; Value = "0.1"; VariantName = "[No Variations]"
Added Component: Designator=C63(SM0603 _3D_cap)
Add component (AddParameter): Name = "LatestRevisionDate"; Value = "17-Jul-2002"; VariantName = "[No Variations]"
Add component (AddParameter): Name = "LatestRevisionNote"; Value = "Re-released for DXP Platform."; VariantName = "[No Variations]"
Add component (AddParameter): Name = "PackageDescription"; Value = "Radial Cap, Thru-Hole; 2 Leads; 0.3 in Pin Spacing"; VariantName = "[No Variations]"
Add component (AddParameter): Name = "PackageReference"; Value = "RAD-0.3"; VariantName = "[No Variations]"
Add component (AddParameter): Name = "Published"; Value = "8-Jun-2000"; VariantName = "[No Variations]"
Add component (AddParameter): Name = "Publisher"; Value = "Altium Limited"; VariantName = "[No Variations]"
Add component (AddParameter): Name = "Value"; Value = "0.1"; VariantName = "[No Variations]"
Added Component: Designator=C64(SM0603 _3D_cap)
Add component (AddParameter): Name = "LatestRevisionDate"; Value = "17-Jul-2002"; VariantName = "[No Variations]"
Add component (AddParameter): Name = "LatestRevisionNote"; Value = "Re-released for DXP Platform."; VariantName = "[No Variations]"
Add component (AddParameter): Name = "PackageDescription"; Value = "Radial Cap, Thru-Hole; 2 Leads; 0.3 in Pin Spacing"; VariantName = "[No Variations]"
Add component (AddParameter): Name = "PackageReference"; Value = "RAD-0.3"; VariantName = "[No Variations]"
Add component (AddParameter): Name = "Published"; Value = "8-Jun-2000"; VariantName = "[No Variations]"
Add component (AddParameter): Name = "Publisher"; Value = "Altium Limited"; VariantName = "[No Variations]"
Add component (AddParameter): Name = "Value"; Value = "0.1"; VariantName = "[No Variations]"
Added Component: Designator=C65(SM0603 _3D_cap)
Add component (AddParameter): Name = "LatestRevisionDate"; Value = "17-Jul-2002"; VariantName = "[No Variations]"
Add component (AddParameter): Name = "LatestRevisionNote"; Value = "Re-released for DXP Platform."; VariantName = "[No Variations]"
Add component (AddParameter): Name = "PackageDescription"; Value = "Radial Cap, Thru-Hole; 2 Leads; 0.3 in Pin Spacing"; VariantName = "[No Variations]"
Add component (AddParameter): Name = "PackageReference"; Value = "RAD-0.3"; VariantName = "[No Variations]"
Add component (AddParameter): Name = "Published"; Value = "8-Jun-2000"; VariantName = "[No Variations]"
Add component (AddParameter): Name = "Publisher"; Value = "Altium Limited"; VariantName = "[No Variations]"
Add component (AddParameter): Name = "Value"; Value = "0.1"; VariantName = "[No Variations]"
Added Component: Designator=C66(SM0603 _3D_cap)
Add component (AddParameter): Name = "LatestRevisionDate"; Value = "17-Jul-2002"; VariantName = "[No Variations]"
Add component (AddParameter): Name = "LatestRevisionNote"; Value = "Re-released for DXP Platform."; VariantName = "[No Variations]"
Add component (AddParameter): Name = "PackageDescription"; Value = "Radial Cap, Thru-Hole; 2 Leads; 0.3 in Pin Spacing"; VariantName = "[No Variations]"
Add component (AddParameter): Name = "PackageReference"; Value = "RAD-0.3"; VariantName = "[No Variations]"
Add component (AddParameter): Name = "Published"; Value = "8-Jun-2000"; VariantName = "[No Variations]"
Add component (AddParameter): Name = "Publisher"; Value = "Altium Limited"; VariantName = "[No Variations]"
Add component (AddParameter): Name = "Value"; Value = "10u"; VariantName = "[No Variations]"
Added Component: Designator=C67(SM0603 _3D_cap)
Add component (AddParameter): Name = "LatestRevisionDate"; Value = "17-Jul-2002"; VariantName = "[No Variations]"
Add component (AddParameter): Name = "LatestRevisionNote"; Value = "Re-released for DXP Platform."; VariantName = "[No Variations]"
Add component (AddParameter): Name = "PackageDescription"; Value = "Radial Cap, Thru-Hole; 2 Leads; 0.3 in Pin Spacing"; VariantName = "[No Variations]"
Add component (AddParameter): Name = "PackageReference"; Value = "RAD-0.3"; VariantName = "[No Variations]"
Add component (AddParameter): Name = "Published"; Value = "8-Jun-2000"; VariantName = "[No Variations]"
Add component (AddParameter): Name = "Publisher"; Value = "Altium Limited"; VariantName = "[No Variations]"
Add component (AddParameter): Name = "Value"; Value = "0.1"; VariantName = "[No Variations]"
Added Component: Designator=C68(SM0603 _3D_cap)
Add component (AddParameter): Name = "LatestRevisionDate"; Value = "17-Jul-2002"; VariantName = "[No Variations]"
Add component (AddParameter): Name = "LatestRevisionNote"; Value = "Re-released for DXP Platform."; VariantName = "[No Variations]"
Add component (AddParameter): Name = "PackageDescription"; Value = "Radial Cap, Thru-Hole; 2 Leads; 0.3 in Pin Spacing"; VariantName = "[No Variations]"
Add component (AddParameter): Name = "PackageReference"; Value = "RAD-0.3"; VariantName = "[No Variations]"
Add component (AddParameter): Name = "Published"; Value = "8-Jun-2000"; VariantName = "[No Variations]"
Add component (AddParameter): Name = "Publisher"; Value = "Altium Limited"; VariantName = "[No Variations]"
Add component (AddParameter): Name = "Value"; Value = "4.7"; VariantName = "[No Variations]"
Added Component: Designator=C69(SM0603 _3D_cap)
Add component (AddParameter): Name = "LatestRevisionDate"; Value = "17-Jul-2002"; VariantName = "[No Variations]"
Add component (AddParameter): Name = "LatestRevisionNote"; Value = "Re-released for DXP Platform."; VariantName = "[No Variations]"
Add component (AddParameter): Name = "PackageDescription"; Value = "Radial Cap, Thru-Hole; 2 Leads; 0.3 in Pin Spacing"; VariantName = "[No Variations]"
Add component (AddParameter): Name = "PackageReference"; Value = "RAD-0.3"; VariantName = "[No Variations]"
Add component (AddParameter): Name = "Published"; Value = "8-Jun-2000"; VariantName = "[No Variations]"
Add component (AddParameter): Name = "Publisher"; Value = "Altium Limited"; VariantName = "[No Variations]"
Add component (AddParameter): Name = "Value"; Value = "1.0"; VariantName = "[No Variations]"
Added Component: Designator=D4(SOT95P240X120-3N)
Add component (AddParameter): Name = "Arrow Part Number"; Value = "BAV99-7-F"; VariantName = "[No Variations]"
Add component (AddParameter): Name = "Arrow Price/Stock"; Value = "https://www.arrow.com/en/products/bav99-7-f/diodes-incorporated?region=nac"; VariantName = "[No Variations]"
Add component (AddParameter): Name = "Datasheet Link"; Value = "https://www.diodes.com/assets/Datasheets/ds12007.pdf"; VariantName = "[No Variations]"
Add component (AddParameter): Name = "Height"; Value = "1.2mm"; VariantName = "[No Variations]"
Add component (AddParameter): Name = "Manufacturer_Name"; Value = "Diodes Inc."; VariantName = "[No Variations]"
Add component (AddParameter): Name = "Manufacturer_Part_Number"; Value = "BAV99-7-F"; VariantName = "[No Variations]"
Add component (AddParameter): Name = "Mouser Part Number"; Value = "621-BAV99-F"; VariantName = "[No Variations]"
Add component (AddParameter): Name = "Mouser Price/Stock"; Value = "https://www.mouser.co.uk/ProductDetail/Diodes-Incorporated/BAV99-7-F?qs=E9Ihi8A05%252BSTVRjo74hQDA%3D%3D"; VariantName = "[No Variations]"
Added Component: Designator=D5(SOD323)
Added Component: Designator=IC6(SOP64P600X175-20N)
Add component (AddParameter): Name = "Arrow Part Number"; Value = "AD8331ARQZ"; VariantName = "[No Variations]"
Add component (AddParameter): Name = "Arrow Price/Stock"; Value = "https://www.arrow.com/en/products/ad8331arqz/analog-devices"; VariantName = "[No Variations]"
Add component (AddParameter): Name = "Datasheet Link"; Value = "http://www.analog.com/static/imported-files/data_sheets/AD8331_8332_8334.pdf"; VariantName = "[No Variations]"
Add component (AddParameter): Name = "Height"; Value = "1.75mm"; VariantName = "[No Variations]"
Add component (AddParameter): Name = "Manufacturer_Name"; Value = "Analog Devices"; VariantName = "[No Variations]"
Add component (AddParameter): Name = "Manufacturer_Part_Number"; Value = "AD8331ARQZ"; VariantName = "[No Variations]"
Add component (AddParameter): Name = "Mouser Part Number"; Value = "584-AD8331ARQZ"; VariantName = "[No Variations]"
Add component (AddParameter): Name = "Mouser Price/Stock"; Value = "https://www.mouser.co.uk/ProductDetail/Analog-Devices/AD8331ARQZ?qs=%2FtpEQrCGXCwx0%2F22gf7ohQ%3D%3D"; VariantName = "[No Variations]"
Added Component: Designator=IC7(QFN50P500X500X100-33N)
Add component (AddParameter): Name = "Arrow Part Number"; Value = "AD9629BCPZ-65"; VariantName = "[No Variations]"
Add component (AddParameter): Name = "Arrow Price/Stock"; Value = "https://www.arrow.com/en/products/ad9629bcpz-65/analog-devices"; VariantName = "[No Variations]"
Add component (AddParameter): Name = "Datasheet Link"; Value = ""; VariantName = "[No Variations]"
Add component (AddParameter): Name = "Manufacturer_Name"; Value = "Analog Devices"; VariantName = "[No Variations]"
Add component (AddParameter): Name = "Manufacturer_Part_Number"; Value = "AD9629BCPZ-65"; VariantName = "[No Variations]"
Add component (AddParameter): Name = "Mouser Part Number"; Value = "584-AD9629BCPZ-65"; VariantName = "[No Variations]"
Add component (AddParameter): Name = "Mouser Price/Stock"; Value = "https://www.mouser.co.uk/ProductDetail/Analog-Devices/AD9629BCPZ-65?qs=BpaRKvA4VqGjvk9AFyB3jg%3D%3D"; VariantName = "[No Variations]"
Added Component: Designator=JP5(JUMPER2)
Add component (AddParameter): Name = "Value"; Value = ""; VariantName = "[No Variations]"
Added Component: Designator=L6(SM_0805_INDUCTANCE _3D)
Add component (AddParameter): Name = "Author"; Value = "S. Jafar"; VariantName = "[No Variations]"
Add component (AddParameter): Name = "Case"; Value = "0805"; VariantName = "[No Variations]"
Add component (AddParameter): Name = "Component Type"; Value = "Standard"; VariantName = "[No Variations]"
Add component (AddParameter): Name = "ComponentHeight"; Value = "1.05mm"; VariantName = "[No Variations]"
Add component (AddParameter): Name = "CreateDate"; Value = "12/21/2015"; VariantName = "[No Variations]"
Add component (AddParameter): Name = "LatestRevisionDate"; Value = "12/21/2015"; VariantName = "[No Variations]"
Add component (AddParameter): Name = "Manufacturer"; Value = "MURATA"; VariantName = "[No Variations]"
Add component (AddParameter): Name = "Manufacturer Part Number"; Value = "BLM21BB750SN1D"; VariantName = "[No Variations]"
Add component (AddParameter): Name = "Mounted"; Value = "Yes"; VariantName = "[No Variations]"
Add component (AddParameter): Name = "Part Description"; Value = "SMD EMIFIL Suppression Chip Ferrite Bead"; VariantName = "[No Variations]"
Add component (AddParameter): Name = "Part Number"; Value = "IND0805_MURATA_BLM21BB750SN1D"; VariantName = "[No Variations]"
Add component (AddParameter): Name = "Pin Count"; Value = "2"; VariantName = "[No Variations]"
Add component (AddParameter): Name = "Power"; Value = "700mA"; VariantName = "[No Variations]"
Add component (AddParameter): Name = "Resistance"; Value = "0.16R"; VariantName = "[No Variations]"
Add component (AddParameter): Name = "SMD"; Value = "Yes"; VariantName = "[No Variations]"
Add component (AddParameter): Name = "Socket"; Value = "No"; VariantName = "[No Variations]"
Add component (AddParameter): Name = "Status"; Value = "None"; VariantName = "[No Variations]"
Add component (AddParameter): Name = "Table"; Value = "Inductors SMD"; VariantName = "[No Variations]"
Add component (AddParameter): Name = "Tolerance"; Value = "±25%"; VariantName = "[No Variations]"
Add component (AddParameter): Name = "Value"; Value = "75R@100MHz"; VariantName = "[No Variations]"
Added Component: Designator=L7(SM_0805_INDUCTANCE _3D)
Add component (AddParameter): Name = "Author"; Value = "S. Jafar"; VariantName = "[No Variations]"
Add component (AddParameter): Name = "Case"; Value = "0805"; VariantName = "[No Variations]"
Add component (AddParameter): Name = "Component Type"; Value = "Standard"; VariantName = "[No Variations]"
Add component (AddParameter): Name = "ComponentHeight"; Value = "1.05mm"; VariantName = "[No Variations]"
Add component (AddParameter): Name = "CreateDate"; Value = "12/21/2015"; VariantName = "[No Variations]"
Add component (AddParameter): Name = "LatestRevisionDate"; Value = "12/21/2015"; VariantName = "[No Variations]"
Add component (AddParameter): Name = "Manufacturer"; Value = "MURATA"; VariantName = "[No Variations]"
Add component (AddParameter): Name = "Manufacturer Part Number"; Value = "BLM21BB750SN1D"; VariantName = "[No Variations]"
Add component (AddParameter): Name = "Mounted"; Value = "Yes"; VariantName = "[No Variations]"
Add component (AddParameter): Name = "Part Description"; Value = "SMD EMIFIL Suppression Chip Ferrite Bead"; VariantName = "[No Variations]"
Add component (AddParameter): Name = "Part Number"; Value = "IND0805_MURATA_BLM21BB750SN1D"; VariantName = "[No Variations]"
Add component (AddParameter): Name = "Pin Count"; Value = "2"; VariantName = "[No Variations]"
Add component (AddParameter): Name = "Power"; Value = "700mA"; VariantName = "[No Variations]"
Add component (AddParameter): Name = "Resistance"; Value = "0.16R"; VariantName = "[No Variations]"
Add component (AddParameter): Name = "SMD"; Value = "Yes"; VariantName = "[No Variations]"
Add component (AddParameter): Name = "Socket"; Value = "No"; VariantName = "[No Variations]"
Add component (AddParameter): Name = "Status"; Value = "None"; VariantName = "[No Variations]"
Add component (AddParameter): Name = "Table"; Value = "Inductors SMD"; VariantName = "[No Variations]"
Add component (AddParameter): Name = "Tolerance"; Value = "±25%"; VariantName = "[No Variations]"
Add component (AddParameter): Name = "Value"; Value = "75R@100MHz"; VariantName = "[No Variations]"
Added Component: Designator=L9(inductor_LQH43PN)
Added Component: Designator=R27(SM0603_3D_res)
Add component (AddParameter): Name = "Author"; Value = "CERN DEM JLC"; VariantName = "[No Variations]"
Add component (AddParameter): Name = "Case"; Value = "1206"; VariantName = "[No Variations]"
Add component (AddParameter): Name = "Component Type"; Value = "Standard"; VariantName = "[No Variations]"
Add component (AddParameter): Name = "CreateDate"; Value = "12/3/2007"; VariantName = "[No Variations]"
Add component (AddParameter): Name = "HelpURL"; Value = "\\cern.ch\dfs\Applications\Altium\Datasheets\R1206_NIC_NRC.pdf"; VariantName = "[No Variations]"
Add component (AddParameter): Name = "LatestRevisionDate"; Value = "3/13/2008"; VariantName = "[No Variations]"
Add component (AddParameter): Name = "Manufacturer"; Value = "GENERIC"; VariantName = "[No Variations]"
Add component (AddParameter): Name = "Manufacturer1 ComponentHeight"; Value = "0.65mm"; VariantName = "[No Variations]"
Add component (AddParameter): Name = "Manufacturer1 Example"; Value = "NIC COMPONENT"; VariantName = "[No Variations]"
Add component (AddParameter): Name = "Manufacturer1 Part Number"; Value = "NRC12F4701TRF"; VariantName = "[No Variations]"
Add component (AddParameter): Name = "Manufacturer Part Number"; Value = "R1206_4K7_1%_0.25W_100PPM"; VariantName = "[No Variations]"
Add component (AddParameter): Name = "Mounted"; Value = "Yes"; VariantName = "[No Variations]"
Add component (AddParameter): Name = "Part Description"; Value = "General Purpose Thick Film Chip Resistor"; VariantName = "[No Variations]"
Add component (AddParameter): Name = "Part Number"; Value = "R1206_4K7_1%_0.25W_100PPM"; VariantName = "[No Variations]"
Add component (AddParameter): Name = "Pin Count"; Value = "2"; VariantName = "[No Variations]"
Add component (AddParameter): Name = "Power"; Value = "0.25W"; VariantName = "[No Variations]"
Add component (AddParameter): Name = "SMD"; Value = "Yes"; VariantName = "[No Variations]"
Add component (AddParameter): Name = "Socket"; Value = "No"; VariantName = "[No Variations]"
Add component (AddParameter): Name = "Status"; Value = "Preferred"; VariantName = "[No Variations]"
Add component (AddParameter): Name = "Table"; Value = "Resistors SMD"; VariantName = "[No Variations]"
Add component (AddParameter): Name = "TC"; Value = "±100ppm/°C"; VariantName = "[No Variations]"
Add component (AddParameter): Name = "Tolerance"; Value = "±1%"; VariantName = "[No Variations]"
Add component (AddParameter): Name = "Value"; Value = "4k7"; VariantName = "[No Variations]"
Added Component: Designator=R30(SM0603_3D_res)
Add component (AddParameter): Name = "Author"; Value = "CERN DEM JLC"; VariantName = "[No Variations]"
Add component (AddParameter): Name = "Case"; Value = "1206"; VariantName = "[No Variations]"
Add component (AddParameter): Name = "Component Type"; Value = "Standard"; VariantName = "[No Variations]"
Add component (AddParameter): Name = "CreateDate"; Value = "12/3/2007"; VariantName = "[No Variations]"
Add component (AddParameter): Name = "HelpURL"; Value = "\\cern.ch\dfs\Applications\Altium\Datasheets\R1206_NIC_NRC.pdf"; VariantName = "[No Variations]"
Add component (AddParameter): Name = "LatestRevisionDate"; Value = "3/13/2008"; VariantName = "[No Variations]"
Add component (AddParameter): Name = "Manufacturer"; Value = "GENERIC"; VariantName = "[No Variations]"
Add component (AddParameter): Name = "Manufacturer1 ComponentHeight"; Value = "0.65mm"; VariantName = "[No Variations]"
Add component (AddParameter): Name = "Manufacturer1 Example"; Value = "NIC COMPONENT"; VariantName = "[No Variations]"
Add component (AddParameter): Name = "Manufacturer1 Part Number"; Value = "NRC12F4701TRF"; VariantName = "[No Variations]"
Add component (AddParameter): Name = "Manufacturer Part Number"; Value = "R1206_4K7_1%_0.25W_100PPM"; VariantName = "[No Variations]"
Add component (AddParameter): Name = "Mounted"; Value = "Yes"; VariantName = "[No Variations]"
Add component (AddParameter): Name = "Part Description"; Value = "General Purpose Thick Film Chip Resistor"; VariantName = "[No Variations]"
Add component (AddParameter): Name = "Part Number"; Value = "R1206_4K7_1%_0.25W_100PPM"; VariantName = "[No Variations]"
Add component (AddParameter): Name = "Pin Count"; Value = "2"; VariantName = "[No Variations]"
Add component (AddParameter): Name = "Power"; Value = "0.25W"; VariantName = "[No Variations]"
Add component (AddParameter): Name = "SMD"; Value = "Yes"; VariantName = "[No Variations]"
Add component (AddParameter): Name = "Socket"; Value = "No"; VariantName = "[No Variations]"
Add component (AddParameter): Name = "Status"; Value = "Preferred"; VariantName = "[No Variations]"
Add component (AddParameter): Name = "Table"; Value = "Resistors SMD"; VariantName = "[No Variations]"
Add component (AddParameter): Name = "TC"; Value = "±100ppm/°C"; VariantName = "[No Variations]"
Add component (AddParameter): Name = "Tolerance"; Value = "±1%"; VariantName = "[No Variations]"
Add component (AddParameter): Name = "Value"; Value = "4k7"; VariantName = "[No Variations]"
Added Component: Designator=R31(SM0603_3D_res)
Add component (AddParameter): Name = "Author"; Value = "CERN DEM JLC"; VariantName = "[No Variations]"
Add component (AddParameter): Name = "Case"; Value = "1206"; VariantName = "[No Variations]"
Add component (AddParameter): Name = "Component Type"; Value = "Standard"; VariantName = "[No Variations]"
Add component (AddParameter): Name = "CreateDate"; Value = "12/3/2007"; VariantName = "[No Variations]"
Add component (AddParameter): Name = "HelpURL"; Value = "\\cern.ch\dfs\Applications\Altium\Datasheets\R1206_NIC_NRC.pdf"; VariantName = "[No Variations]"
Add component (AddParameter): Name = "LatestRevisionDate"; Value = "3/13/2008"; VariantName = "[No Variations]"
Add component (AddParameter): Name = "Manufacturer"; Value = "GENERIC"; VariantName = "[No Variations]"
Add component (AddParameter): Name = "Manufacturer1 ComponentHeight"; Value = "0.65mm"; VariantName = "[No Variations]"
Add component (AddParameter): Name = "Manufacturer1 Example"; Value = "NIC COMPONENT"; VariantName = "[No Variations]"
Add component (AddParameter): Name = "Manufacturer1 Part Number"; Value = "NRC12F4701TRF"; VariantName = "[No Variations]"
Add component (AddParameter): Name = "Manufacturer Part Number"; Value = "R1206_4K7_1%_0.25W_100PPM"; VariantName = "[No Variations]"
Add component (AddParameter): Name = "Mounted"; Value = "Yes"; VariantName = "[No Variations]"
Add component (AddParameter): Name = "Part Description"; Value = "General Purpose Thick Film Chip Resistor"; VariantName = "[No Variations]"
Add component (AddParameter): Name = "Part Number"; Value = "R1206_4K7_1%_0.25W_100PPM"; VariantName = "[No Variations]"
Add component (AddParameter): Name = "Pin Count"; Value = "2"; VariantName = "[No Variations]"
Add component (AddParameter): Name = "Power"; Value = "0.25W"; VariantName = "[No Variations]"
Add component (AddParameter): Name = "SMD"; Value = "Yes"; VariantName = "[No Variations]"
Add component (AddParameter): Name = "Socket"; Value = "No"; VariantName = "[No Variations]"
Add component (AddParameter): Name = "Status"; Value = "Preferred"; VariantName = "[No Variations]"
Add component (AddParameter): Name = "Table"; Value = "Resistors SMD"; VariantName = "[No Variations]"
Add component (AddParameter): Name = "TC"; Value = "±100ppm/°C"; VariantName = "[No Variations]"
Add component (AddParameter): Name = "Tolerance"; Value = "±1%"; VariantName = "[No Variations]"
Add component (AddParameter): Name = "Value"; Value = "4k7"; VariantName = "[No Variations]"
Added Component: Designator=SP1(SolderPad_D1mm _round)
Add component (AddParameter): Name = "Value"; Value = ""DG""; VariantName = "[No Variations]"
Added Component: Designator=SP2(SolderPad_D1mm _round)
Add component (AddParameter): Name = "Value"; Value = ""VCM""; VariantName = "[No Variations]"
Added Component: Designator=SP3(SolderPad_D1mm _round)
Add component (AddParameter): Name = "Value"; Value = ""+5V""; VariantName = "[No Variations]"
Added Component: Designator=SP4(SolderPad_D1mm _round)
Add component (AddParameter): Name = "Value"; Value = ""+1.2V""; VariantName = "[No Variations]"
Added Component: Designator=SP5(SolderPad_D1mm _round)
Add component (AddParameter): Name = "Value"; Value = ""+1.8V""; VariantName = "[No Variations]"
Added Component: Designator=U3(SOT-23_5)
Added Pin To Net: NetName=+3V3 Pin=C20-2
Added Pin To Net: NetName=+3V3 Pin=C21-2
Added Pin To Net: NetName=GND Pin=C47-1
Added Pin To Net: NetName=GND Pin=C48-2
Added Pin To Net: NetName=GND Pin=C49-1
Added Pin To Net: NetName=GND Pin=C50-1
Added Pin To Net: NetName=GND Pin=C51-2
Added Pin To Net: NetName=+3V3 Pin=C53-1
Added Pin To Net: NetName=GND Pin=C53-2
Added Pin To Net: NetName=+3V3 Pin=C55-1
Added Pin To Net: NetName=GND Pin=C55-2
Added Pin To Net: NetName=NetC56_1 Pin=C56-1
Added Pin To Net: NetName=GND Pin=C56-2
Added Pin To Net: NetName=GND Pin=C58-1
Added Pin To Net: NetName=GND Pin=C59-1
Added Pin To Net: NetName=GND Pin=C60-1
Added Pin To Net: NetName=GND Pin=C61-1
Added Pin To Net: NetName=GND Pin=C64-1
Added Pin To Net: NetName=GND Pin=C65-1
Added Pin To Net: NetName=GND Pin=C66-1
Added Pin To Net: NetName=GND Pin=C67-1
Added Pin To Net: NetName=+3V3 Pin=C67-2
Added Pin To Net: NetName=GND Pin=C68-1
Added Pin To Net: NetName=VBUS Pin=C68-2
Added Pin To Net: NetName=GND Pin=C69-1
Added Pin To Net: NetName=GND Pin=D4-1
Added Pin To Net: NetName=GND Pin=D4-2
Added Pin To Net: NetName=+3V3 Pin=IC1-6
Added Pin To Net: NetName=aD0 Pin=IC1-19
Added Pin To Net: NetName=+3V3 Pin=IC1-30
Added Pin To Net: NetName=GND Pin=IC6-6
Added Pin To Net: NetName=GND Pin=IC6-9
Added Pin To Net: NetName=+3V Pin=IC6-16
Added Pin To Net: NetName=GND Pin=IC6-17
Added Pin To Net: NetName=GND Pin=IC6-20
Added Pin To Net: NetName=NetC56_1 Pin=IC7-2
Added Pin To Net: NetName=aD0 Pin=IC7-9
Added Pin To Net: NetName=aD1 Pin=IC7-10
Added Pin To Net: NetName=aD2 Pin=IC7-11
Added Pin To Net: NetName=aD3 Pin=IC7-12
Added Pin To Net: NetName=+3V3 Pin=IC7-13
Added Pin To Net: NetName=aD4 Pin=IC7-14
Added Pin To Net: NetName=aD5 Pin=IC7-15
Added Pin To Net: NetName=aD6 Pin=IC7-16
Added Pin To Net: NetName=aD7 Pin=IC7-17
Added Pin To Net: NetName=aCLK Pin=IC7-22
Added Pin To Net: NetName=GND Pin=IC7-26
Added Pin To Net: NetName=GND Pin=IC7-33
Added Pin To Net: NetName=VBUS Pin=JP5-1
Added Pin To Net: NetName=GND Pin=JP5-2
Added Pin To Net: NetName=VBUS Pin=L9-1
Added Pin To Net: NetName=GND Pin=R30-1
Added Pin To Net: NetName=VBUS Pin=R31-1
Added Pin To Net: NetName=1V2 Pin=SP4-1
Added Pin To Net: NetName=GND Pin=U3-2
Added Pin To Net: NetName=VBUS Pin=U3-4
Added Pin To Net: NetName=VBUS Pin=U3-5
Change Net Name : Old Net Name=+3V New Net Name=Vol
Added Pin To Net: NetName=+1V8f Pin=C48-1
Added Pin To Net: NetName=+1V8f Pin=C51-1
Added Pin To Net: NetName=+1V8f Pin=IC7-3
Added Pin To Net: NetName=+1V8f Pin=IC7-24
Added Pin To Net: NetName=+1V8f Pin=IC7-29
Added Pin To Net: NetName=+1V8f Pin=IC7-32
Added Net: Name=+1V8f
Added Pin To Net: NetName=+1V8 Pin=C44-1
Added Pin To Net: NetName=+1V8 Pin=PS3-2
Added Pin To Net: NetName=+1V8 Pin=SP5-1
Added Net: Name=+1V8
Added Pin To Net: NetName=+5V Pin=C69-2
Added Pin To Net: NetName=+5V Pin=D5-2
Added Pin To Net: NetName=+5V Pin=R27-2
Added Pin To Net: NetName=+5V Pin=R31-2
Added Pin To Net: NetName=+5V Pin=SP3-1
Added Net: Name=+5V
Added Pin To Net: NetName=5VLNA Pin=C59-2
Added Pin To Net: NetName=5VLNA Pin=IC6-3
Added Net: Name=5VLNA
Added Pin To Net: NetName=5VVGA Pin=C58-2
Added Pin To Net: NetName=5VVGA Pin=IC6-13
Added Pin To Net: NetName=5VVGA Pin=IC6-14
Added Pin To Net: NetName=5VVGA Pin=IC6-18
Added Pin To Net: NetName=5VVGA Pin=IC6-19
Added Net: Name=5VVGA
Added Pin To Net: NetName=aCLK2 Pin=IC1-21
Added Pin To Net: NetName=aCLK2 Pin=IC7-1
Added Net: Name=aCLK2
Added Pin To Net: NetName=aD8 Pin=IC1-31
Added Pin To Net: NetName=aD8 Pin=IC7-18
Added Net: Name=aD8
Added Pin To Net: NetName=aD9 Pin=IC1-32
Added Pin To Net: NetName=aD9 Pin=IC7-19
Added Net: Name=aD9
Added Pin To Net: NetName=aD10 Pin=IC1-33
Added Pin To Net: NetName=aD10 Pin=IC7-20
Added Net: Name=aD10
Added Pin To Net: NetName=aD11 Pin=IC1-34
Added Pin To Net: NetName=aD11 Pin=IC7-21
Added Net: Name=aD11
Added Pin To Net: NetName=aoof Pin=IC1-35
Added Pin To Net: NetName=aoof Pin=IC7-23
Added Net: Name=aoof
Added Pin To Net: NetName=dac_g Pin=C50-2
Added Pin To Net: NetName=dac_g Pin=IC6-10
Added Pin To Net: NetName=dac_g Pin=SP1-1
Added Net: Name=dac_g
Added Pin To Net: NetName=dCS Pin=IC1-8
Added Net: Name=dCS
Added Pin To Net: NetName=dMOSI Pin=IC1-10
Added Net: Name=dMOSI
Added Pin To Net: NetName=dSCLK Pin=IC1-9
Added Net: Name=dSCLK
Added Pin To Net: NetName=NetC43_1 Pin=C43-1
Added Net: Name=NetC43_1
Added Pin To Net: NetName=NetC43_2 Pin=C43-2
Added Pin To Net: NetName=NetC43_2 Pin=C46-2
Added Pin To Net: NetName=NetC43_2 Pin=C47-2
Added Pin To Net: NetName=NetC43_2 Pin=IC6-2
Added Net: Name=NetC43_2
Added Pin To Net: NetName=NetC46_1 Pin=C46-1
Added Net: Name=NetC46_1
Added Pin To Net: NetName=NetC49_2 Pin=C49-2
Added Pin To Net: NetName=NetC49_2 Pin=IC6-1
Added Net: Name=NetC49_2
Added Pin To Net: NetName=NetC52_1 Pin=C52-1
Added Pin To Net: NetName=NetC52_1 Pin=L6-1
Added Net: Name=NetC52_1
Added Pin To Net: NetName=NetC52_2 Pin=C52-2
Added Net: Name=NetC52_2
Added Pin To Net: NetName=NetC54_1 Pin=C54-1
Added Pin To Net: NetName=NetC54_1 Pin=L7-1
Added Net: Name=NetC54_1
Added Pin To Net: NetName=NetC54_2 Pin=C54-2
Added Net: Name=NetC54_2
Added Pin To Net: NetName=NetC57_1 Pin=C57-1
Added Pin To Net: NetName=NetC57_1 Pin=IC7-31
Added Net: Name=NetC57_1
Added Pin To Net: NetName=NetC57_2 Pin=C57-2
Added Pin To Net: NetName=NetC57_2 Pin=IC7-30
Added Net: Name=NetC57_2
Added Pin To Net: NetName=NetC60_2 Pin=C60-2
Added Pin To Net: NetName=NetC60_2 Pin=IC7-27
Added Net: Name=NetC60_2
Added Pin To Net: NetName=NetC61_2 Pin=C61-2
Added Pin To Net: NetName=NetC61_2 Pin=C66-2
Added Pin To Net: NetName=NetC61_2 Pin=IC7-25
Added Net: Name=NetC61_2
Added Pin To Net: NetName=NetC62_1 Pin=C62-1
Added Pin To Net: NetName=NetC62_1 Pin=IC6-8
Added Net: Name=NetC62_1
Added Pin To Net: NetName=NetC62_2 Pin=C62-2
Added Pin To Net: NetName=NetC62_2 Pin=IC6-4
Added Net: Name=NetC62_2
Added Pin To Net: NetName=NetC63_1 Pin=C63-1
Added Pin To Net: NetName=NetC63_1 Pin=IC6-7
Added Net: Name=NetC63_1
Added Pin To Net: NetName=NetC63_2 Pin=C63-2
Added Pin To Net: NetName=NetC63_2 Pin=IC6-5
Added Net: Name=NetC63_2
Added Pin To Net: NetName=NetC64_2 Pin=C64-2
Added Pin To Net: NetName=NetC64_2 Pin=IC6-11
Added Pin To Net: NetName=NetC64_2 Pin=SP2-1
Added Net: Name=NetC64_2
Added Pin To Net: NetName=NetC65_2 Pin=C65-2
Added Pin To Net: NetName=NetC65_2 Pin=IC6-12
Added Net: Name=NetC65_2
Added Pin To Net: NetName=NetD4_3 Pin=D4-3
Added Net: Name=NetD4_3
Added Pin To Net: NetName=NetD5_1 Pin=D5-1
Added Pin To Net: NetName=NetD5_1 Pin=L9-2
Added Pin To Net: NetName=NetD5_1 Pin=U3-1
Added Net: Name=NetD5_1
Added Pin To Net: NetName=NetIC7_28 Pin=IC7-28
Added Net: Name=NetIC7_28
Added Pin To Net: NetName=NetL6_2 Pin=L6-2
Added Net: Name=NetL6_2
Added Pin To Net: NetName=NetL7_2 Pin=L7-2
Added Net: Name=NetL7_2
Added Pin To Net: NetName=NetR27_1 Pin=R27-1
Added Pin To Net: NetName=NetR27_1 Pin=R30-2
Added Pin To Net: NetName=NetR27_1 Pin=U3-3
Added Net: Name=NetR27_1
Added Pin To Net: NetName=Voh Pin=IC6-15
Added Net: Name=Voh
Added Class: Name=ft600_AD
Added Member To Class: ClassName=ft600hx4k Member=Component C68 cap0603
Added Member To Class: ClassName=ft600hx4k Member=Component C69 cap0603
Added Member To Class: ClassName=ft600hx4k Member=Component D5 DiodeShottky_SOD323
Added Member To Class: ClassName=ft600hx4k Member=Component JP5 JUMPER2
Added Member To Class: ClassName=ft600hx4k Member=Component L9 inductance SMT 3.2x4.5 mm
Added Member To Class: ClassName=ft600hx4k Member=Component R27 100k
Added Member To Class: ClassName=ft600hx4k Member=Component R30 33k
Added Member To Class: ClassName=ft600hx4k Member=Component R31 000
Added Member To Class: ClassName=ft600hx4k Member=Component SP3 SolderPad D1mm_round
Added Member To Class: ClassName=ft600hx4k Member=Component SP4 SolderPad D1mm_round
Added Member To Class: ClassName=ft600hx4k Member=Component SP5 SolderPad D1mm_round
Added Member To Class: ClassName=ft600hx4k Member=Component U3 step up sot23-5
Added Member To Class: ClassName=data Member=Wire aD8
Added Member To Class: ClassName=data Member=Wire aD9
Added Member To Class: ClassName=data Member=Wire aD10
Added Member To Class: ClassName=data Member=Wire aD11
Added Room: Name=ft600_AD
Added Room: Name=ft600hx4k
Added Rule: Name=Schematic Matched Net Lengths_2
