Added Component: Designator=C1(SM0402_3D_cap)
Add component (AddParameter): Name = "LatestRevisionDate"; Value = "17-Jul-2002"; VariantName = "[No Variations]"
Add component (AddParameter): Name = "LatestRevisionNote"; Value = "Re-released for DXP Platform."; VariantName = "[No Variations]"
Add component (AddParameter): Name = "PackageDescription"; Value = "Radial Cap, Thru-Hole; 2 Leads; 0.3 in Pin Spacing"; VariantName = "[No Variations]"
Add component (AddParameter): Name = "PackageReference"; Value = "RAD-0.3"; VariantName = "[No Variations]"
Add component (AddParameter): Name = "Published"; Value = "8-Jun-2000"; VariantName = "[No Variations]"
Add component (AddParameter): Name = "Publisher"; Value = "Altium Limited"; VariantName = "[No Variations]"
Add component (AddParameter): Name = "Value"; Value = "0.1"; VariantName = "[No Variations]"
Added Component: Designator=C2(SM0402_3D_cap)
Add component (AddParameter): Name = "LatestRevisionDate"; Value = "17-Jul-2002"; VariantName = "[No Variations]"
Add component (AddParameter): Name = "LatestRevisionNote"; Value = "Re-released for DXP Platform."; VariantName = "[No Variations]"
Add component (AddParameter): Name = "PackageDescription"; Value = "Radial Cap, Thru-Hole; 2 Leads; 0.3 in Pin Spacing"; VariantName = "[No Variations]"
Add component (AddParameter): Name = "PackageReference"; Value = "RAD-0.3"; VariantName = "[No Variations]"
Add component (AddParameter): Name = "Published"; Value = "8-Jun-2000"; VariantName = "[No Variations]"
Add component (AddParameter): Name = "Publisher"; Value = "Altium Limited"; VariantName = "[No Variations]"
Add component (AddParameter): Name = "Value"; Value = "0.1"; VariantName = "[No Variations]"
Added Component: Designator=C3(CAP_POL_SMA (3216))
Added Component: Designator=C4(SM0603 _3D_cap)
Add component (AddParameter): Name = "LatestRevisionDate"; Value = "17-Jul-2002"; VariantName = "[No Variations]"
Add component (AddParameter): Name = "LatestRevisionNote"; Value = "Re-released for DXP Platform."; VariantName = "[No Variations]"
Add component (AddParameter): Name = "PackageDescription"; Value = "Radial Cap, Thru-Hole; 2 Leads; 0.3 in Pin Spacing"; VariantName = "[No Variations]"
Add component (AddParameter): Name = "PackageReference"; Value = "RAD-0.3"; VariantName = "[No Variations]"
Add component (AddParameter): Name = "Published"; Value = "8-Jun-2000"; VariantName = "[No Variations]"
Add component (AddParameter): Name = "Publisher"; Value = "Altium Limited"; VariantName = "[No Variations]"
Add component (AddParameter): Name = "Value"; Value = "0.1"; VariantName = "[No Variations]"
Added Component: Designator=C5(SM0603 _3D_cap)
Add component (AddParameter): Name = "LatestRevisionDate"; Value = "17-Jul-2002"; VariantName = "[No Variations]"
Add component (AddParameter): Name = "LatestRevisionNote"; Value = "Re-released for DXP Platform."; VariantName = "[No Variations]"
Add component (AddParameter): Name = "PackageDescription"; Value = "Radial Cap, Thru-Hole; 2 Leads; 0.3 in Pin Spacing"; VariantName = "[No Variations]"
Add component (AddParameter): Name = "PackageReference"; Value = "RAD-0.3"; VariantName = "[No Variations]"
Add component (AddParameter): Name = "Published"; Value = "8-Jun-2000"; VariantName = "[No Variations]"
Add component (AddParameter): Name = "Publisher"; Value = "Altium Limited"; VariantName = "[No Variations]"
Add component (AddParameter): Name = "Value"; Value = "0.1"; VariantName = "[No Variations]"
Added Component: Designator=C6(CAP_POL_SMA (3216))
Added Component: Designator=C7(SM0603 _3D_cap)
Add component (AddParameter): Name = "LatestRevisionDate"; Value = "17-Jul-2002"; VariantName = "[No Variations]"
Add component (AddParameter): Name = "LatestRevisionNote"; Value = "Re-released for DXP Platform."; VariantName = "[No Variations]"
Add component (AddParameter): Name = "PackageDescription"; Value = "Radial Cap, Thru-Hole; 2 Leads; 0.3 in Pin Spacing"; VariantName = "[No Variations]"
Add component (AddParameter): Name = "PackageReference"; Value = "RAD-0.3"; VariantName = "[No Variations]"
Add component (AddParameter): Name = "Published"; Value = "8-Jun-2000"; VariantName = "[No Variations]"
Add component (AddParameter): Name = "Publisher"; Value = "Altium Limited"; VariantName = "[No Variations]"
Add component (AddParameter): Name = "Value"; Value = "0.1uf"; VariantName = "[No Variations]"
Added Component: Designator=C8(SM0603 _3D_cap)
Add component (AddParameter): Name = "LatestRevisionDate"; Value = "17-Jul-2002"; VariantName = "[No Variations]"
Add component (AddParameter): Name = "LatestRevisionNote"; Value = "Re-released for DXP Platform."; VariantName = "[No Variations]"
Add component (AddParameter): Name = "PackageDescription"; Value = "Radial Cap, Thru-Hole; 2 Leads; 0.3 in Pin Spacing"; VariantName = "[No Variations]"
Add component (AddParameter): Name = "PackageReference"; Value = "RAD-0.3"; VariantName = "[No Variations]"
Add component (AddParameter): Name = "Published"; Value = "8-Jun-2000"; VariantName = "[No Variations]"
Add component (AddParameter): Name = "Publisher"; Value = "Altium Limited"; VariantName = "[No Variations]"
Add component (AddParameter): Name = "Value"; Value = "0.1uf"; VariantName = "[No Variations]"
Added Component: Designator=C9(SM0603 _3D_cap)
Add component (AddParameter): Name = "LatestRevisionDate"; Value = "17-Jul-2002"; VariantName = "[No Variations]"
Add component (AddParameter): Name = "LatestRevisionNote"; Value = "Re-released for DXP Platform."; VariantName = "[No Variations]"
Add component (AddParameter): Name = "PackageDescription"; Value = "Radial Cap, Thru-Hole; 2 Leads; 0.3 in Pin Spacing"; VariantName = "[No Variations]"
Add component (AddParameter): Name = "PackageReference"; Value = "RAD-0.3"; VariantName = "[No Variations]"
Add component (AddParameter): Name = "Published"; Value = "8-Jun-2000"; VariantName = "[No Variations]"
Add component (AddParameter): Name = "Publisher"; Value = "Altium Limited"; VariantName = "[No Variations]"
Add component (AddParameter): Name = "Value"; Value = "18pf"; VariantName = "[No Variations]"
Added Component: Designator=C10(SM0603 _3D_cap)
Add component (AddParameter): Name = "LatestRevisionDate"; Value = "17-Jul-2002"; VariantName = "[No Variations]"
Add component (AddParameter): Name = "LatestRevisionNote"; Value = "Re-released for DXP Platform."; VariantName = "[No Variations]"
Add component (AddParameter): Name = "PackageDescription"; Value = "Radial Cap, Thru-Hole; 2 Leads; 0.3 in Pin Spacing"; VariantName = "[No Variations]"
Add component (AddParameter): Name = "PackageReference"; Value = "RAD-0.3"; VariantName = "[No Variations]"
Add component (AddParameter): Name = "Published"; Value = "8-Jun-2000"; VariantName = "[No Variations]"
Add component (AddParameter): Name = "Publisher"; Value = "Altium Limited"; VariantName = "[No Variations]"
Add component (AddParameter): Name = "Value"; Value = "18pf"; VariantName = "[No Variations]"
Added Component: Designator=C11(SM0603 _3D_cap)
Add component (AddParameter): Name = "LatestRevisionDate"; Value = "17-Jul-2002"; VariantName = "[No Variations]"
Add component (AddParameter): Name = "LatestRevisionNote"; Value = "Re-released for DXP Platform."; VariantName = "[No Variations]"
Add component (AddParameter): Name = "PackageDescription"; Value = "Radial Cap, Thru-Hole; 2 Leads; 0.3 in Pin Spacing"; VariantName = "[No Variations]"
Add component (AddParameter): Name = "PackageReference"; Value = "RAD-0.3"; VariantName = "[No Variations]"
Add component (AddParameter): Name = "Published"; Value = "8-Jun-2000"; VariantName = "[No Variations]"
Add component (AddParameter): Name = "Publisher"; Value = "Altium Limited"; VariantName = "[No Variations]"
Add component (AddParameter): Name = "Value"; Value = "4.7uf"; VariantName = "[No Variations]"
Added Component: Designator=C12(SM0603 _3D_cap)
Add component (AddParameter): Name = "LatestRevisionDate"; Value = "17-Jul-2002"; VariantName = "[No Variations]"
Add component (AddParameter): Name = "LatestRevisionNote"; Value = "Re-released for DXP Platform."; VariantName = "[No Variations]"
Add component (AddParameter): Name = "PackageDescription"; Value = "Radial Cap, Thru-Hole; 2 Leads; 0.3 in Pin Spacing"; VariantName = "[No Variations]"
Add component (AddParameter): Name = "PackageReference"; Value = "RAD-0.3"; VariantName = "[No Variations]"
Add component (AddParameter): Name = "Published"; Value = "8-Jun-2000"; VariantName = "[No Variations]"
Add component (AddParameter): Name = "Publisher"; Value = "Altium Limited"; VariantName = "[No Variations]"
Add component (AddParameter): Name = "Value"; Value = "0.1"; VariantName = "[No Variations]"
Added Component: Designator=C13(SM0603 _3D_cap)
Add component (AddParameter): Name = "LatestRevisionDate"; Value = "17-Jul-2002"; VariantName = "[No Variations]"
Add component (AddParameter): Name = "LatestRevisionNote"; Value = "Re-released for DXP Platform."; VariantName = "[No Variations]"
Add component (AddParameter): Name = "PackageDescription"; Value = "Radial Cap, Thru-Hole; 2 Leads; 0.3 in Pin Spacing"; VariantName = "[No Variations]"
Add component (AddParameter): Name = "PackageReference"; Value = "RAD-0.3"; VariantName = "[No Variations]"
Add component (AddParameter): Name = "Published"; Value = "8-Jun-2000"; VariantName = "[No Variations]"
Add component (AddParameter): Name = "Publisher"; Value = "Altium Limited"; VariantName = "[No Variations]"
Add component (AddParameter): Name = "Value"; Value = "0.1"; VariantName = "[No Variations]"
Added Component: Designator=C14(SM0603 _3D_cap)
Add component (AddParameter): Name = "LatestRevisionDate"; Value = "17-Jul-2002"; VariantName = "[No Variations]"
Add component (AddParameter): Name = "LatestRevisionNote"; Value = "Re-released for DXP Platform."; VariantName = "[No Variations]"
Add component (AddParameter): Name = "PackageDescription"; Value = "Radial Cap, Thru-Hole; 2 Leads; 0.3 in Pin Spacing"; VariantName = "[No Variations]"
Add component (AddParameter): Name = "PackageReference"; Value = "RAD-0.3"; VariantName = "[No Variations]"
Add component (AddParameter): Name = "Published"; Value = "8-Jun-2000"; VariantName = "[No Variations]"
Add component (AddParameter): Name = "Publisher"; Value = "Altium Limited"; VariantName = "[No Variations]"
Add component (AddParameter): Name = "Value"; Value = "0.1"; VariantName = "[No Variations]"
Added Component: Designator=C15(SM0603 _3D_cap)
Add component (AddParameter): Name = "LatestRevisionDate"; Value = "17-Jul-2002"; VariantName = "[No Variations]"
Add component (AddParameter): Name = "LatestRevisionNote"; Value = "Re-released for DXP Platform."; VariantName = "[No Variations]"
Add component (AddParameter): Name = "PackageDescription"; Value = "Radial Cap, Thru-Hole; 2 Leads; 0.3 in Pin Spacing"; VariantName = "[No Variations]"
Add component (AddParameter): Name = "PackageReference"; Value = "RAD-0.3"; VariantName = "[No Variations]"
Add component (AddParameter): Name = "Published"; Value = "8-Jun-2000"; VariantName = "[No Variations]"
Add component (AddParameter): Name = "Publisher"; Value = "Altium Limited"; VariantName = "[No Variations]"
Add component (AddParameter): Name = "Value"; Value = "0.1"; VariantName = "[No Variations]"
Added Component: Designator=IC1(QFN40P700X700X90-57N-D)
Add component (AddParameter): Name = "Arrow Part Number"; Value = "FT600Q-T"; VariantName = "[No Variations]"
Add component (AddParameter): Name = "Arrow Price/Stock"; Value = "https://www.arrow.com/en/products/ft600q-t/ftdi-chip"; VariantName = "[No Variations]"
Add component (AddParameter): Name = "Datasheet Link"; Value = "http://www.farnell.com/datasheets/1975744.pdf"; VariantName = "[No Variations]"
Add component (AddParameter): Name = "Height"; Value = "0.9mm"; VariantName = "[No Variations]"
Add component (AddParameter): Name = "Manufacturer_Name"; Value = "FTDI Chip"; VariantName = "[No Variations]"
Add component (AddParameter): Name = "Manufacturer_Part_Number"; Value = "FT600Q-T"; VariantName = "[No Variations]"
Add component (AddParameter): Name = "Mouser Part Number"; Value = "895-FT600Q-T"; VariantName = "[No Variations]"
Add component (AddParameter): Name = "Mouser Price/Stock"; Value = "https://www.mouser.com/Search/Refine.aspx?Keyword=895-FT600Q-T"; VariantName = "[No Variations]"
Added Component: Designator=J1(GSB343T33HR)
Add component (AddParameter): Name = "Arrow Part Number"; Value = "GSB343T33HR"; VariantName = "[No Variations]"
Add component (AddParameter): Name = "Arrow Price/Stock"; Value = "https://www.arrow.com/en/products/gsb343t33hr/amphenol"; VariantName = "[No Variations]"
Add component (AddParameter): Name = "Datasheet Link"; Value = "https://componentsearchengine.com/Datasheets/2/GSB343T33HR.pdf"; VariantName = "[No Variations]"
Add component (AddParameter): Name = "Height"; Value = "5.25mm"; VariantName = "[No Variations]"
Add component (AddParameter): Name = "Manufacturer_Name"; Value = "Amphenol"; VariantName = "[No Variations]"
Add component (AddParameter): Name = "Manufacturer_Part_Number"; Value = "GSB343T33HR"; VariantName = "[No Variations]"
Add component (AddParameter): Name = "Mouser Part Number"; Value = "523-GSB343T33HR"; VariantName = "[No Variations]"
Add component (AddParameter): Name = "Mouser Price/Stock"; Value = "https://www.mouser.co.uk/ProductDetail/Amphenol-Commercial-Products/GSB343T33HR/?qs=8nwx9VzGl4wjI7K6xpTSyQ%3D%3D"; VariantName = "[No Variations]"
Added Component: Designator=JP1(JUMPER2)
Add component (AddParameter): Name = "Value"; Value = ""; VariantName = "[No Variations]"
Added Component: Designator=JP2(JUMPER2)
Add component (AddParameter): Name = "Value"; Value = ""; VariantName = "[No Variations]"
Added Component: Designator=K1(PMOD_6x2_right_ANGLE)
Add component (AddParameter): Name = "Value"; Value = ""; VariantName = "[No Variations]"
Added Component: Designator=K2(PMOD_6x2_right_ANGLE)
Add component (AddParameter): Name = "Value"; Value = ""; VariantName = "[No Variations]"
Added Component: Designator=U1(SOT-23)
Added Component: Designator=Y1(ABM3B)
Add component (AddParameter): Name = "Arrow Part Number"; Value = "ABM3B-11.0592MHZ-10-1-U-T"; VariantName = "[No Variations]"
Add component (AddParameter): Name = "Arrow Price/Stock"; Value = "https://www.arrow.com/en/products/abm3b-11.0592mhz-10-1-u-t/abracon"; VariantName = "[No Variations]"
Add component (AddParameter): Name = "Datasheet Link"; Value = "https://abracon.com/Resonators/abm3b.pdf"; VariantName = "[No Variations]"
Add component (AddParameter): Name = "Manufacturer_Name"; Value = "ABRACON"; VariantName = "[No Variations]"
Add component (AddParameter): Name = "Manufacturer_Part_Number"; Value = "ABM3B-11.0592MHZ-10-1-U-T"; VariantName = "[No Variations]"
Add component (AddParameter): Name = "Mouser Part Number"; Value = "815-ABM3B-11.0592-T"; VariantName = "[No Variations]"
Add component (AddParameter): Name = "Mouser Price/Stock"; Value = "https://www.mouser.co.uk/ProductDetail/ABRACON/ABM3B-110592MHZ-10-1-U-T?qs=LMMkZCEv%2Ff1YUX89OuYUdg%3D%3D"; VariantName = "[No Variations]"
Added Pin To Net: NetName=+3.3V Pin=C5-2
Added Pin To Net: NetName=+3.3V Pin=C6-1
Added Pin To Net: NetName=+3.3V Pin=C12-2
Added Pin To Net: NetName=+3.3V Pin=C13-2
Added Pin To Net: NetName=+3.3V Pin=C14-2
Added Pin To Net: NetName=+3.3V Pin=C15-2
Added Pin To Net: NetName=+3.3V Pin=IC1-15
Added Pin To Net: NetName=+3.3V Pin=IC1-19
Added Pin To Net: NetName=+3.3V Pin=IC1-22
Added Pin To Net: NetName=+3.3V Pin=IC1-30
Added Pin To Net: NetName=+3.3V Pin=IC1-38
Added Pin To Net: NetName=+3.3V Pin=IC1-44
Added Pin To Net: NetName=+3.3V Pin=IC1-52
Added Pin To Net: NetName=+3.3V Pin=K1-6
Added Pin To Net: NetName=+3.3V Pin=K1-12
Added Pin To Net: NetName=+3.3V Pin=K2-6
Added Pin To Net: NetName=+3.3V Pin=K2-12
Added Pin To Net: NetName=+3.3V Pin=U1-2
Added Net: Name=+3.3V
Added Pin To Net: NetName=be0 Pin=IC1-2
Added Pin To Net: NetName=be0 Pin=K2-10
Added Net: Name=be0
Added Pin To Net: NetName=be1 Pin=IC1-3
Added Pin To Net: NetName=be1 Pin=K2-4
Added Net: Name=be1
Added Pin To Net: NetName=C47 Pin=C11-2
Added Pin To Net: NetName=C47 Pin=IC1-1
Added Pin To Net: NetName=C47 Pin=IC1-23
Added Pin To Net: NetName=C47 Pin=IC1-26
Added Pin To Net: NetName=C47 Pin=IC1-31
Added Pin To Net: NetName=C47 Pin=IC1-37
Added Pin To Net: NetName=C47 Pin=IC1-50
Added Net: Name=C47
Added Pin To Net: NetName=CLK Pin=IC1-43
Added Pin To Net: NetName=CLK Pin=K2-1
Added Net: Name=CLK
Added Pin To Net: NetName=D0 Pin=IC1-33
Added Pin To Net: NetName=D0 Pin=K1-1
Added Net: Name=D0
Added Pin To Net: NetName=D1 Pin=IC1-34
Added Pin To Net: NetName=D1 Pin=K1-7
Added Net: Name=D1
Added Pin To Net: NetName=D2 Pin=IC1-35
Added Pin To Net: NetName=D2 Pin=K1-2
Added Net: Name=D2
Added Pin To Net: NetName=D3 Pin=IC1-36
Added Pin To Net: NetName=D3 Pin=K1-8
Added Net: Name=D3
Added Pin To Net: NetName=D4 Pin=IC1-39
Added Pin To Net: NetName=D4 Pin=K1-3
Added Net: Name=D4
Added Pin To Net: NetName=D5 Pin=IC1-40
Added Pin To Net: NetName=D5 Pin=K1-9
Added Net: Name=D5
Added Pin To Net: NetName=D6 Pin=IC1-41
Added Pin To Net: NetName=D6 Pin=K1-4
Added Net: Name=D6
Added Pin To Net: NetName=D7 Pin=IC1-42
Added Pin To Net: NetName=D7 Pin=K1-10
Added Net: Name=D7
Added Pin To Net: NetName=d_N Pin=IC1-20
Added Pin To Net: NetName=d_N Pin=J1-2
Added Net: Name=d_N
Added Pin To Net: NetName=d_P Pin=IC1-18
Added Pin To Net: NetName=d_P Pin=J1-3
Added Net: Name=d_P
Added Pin To Net: NetName=g0 Pin=IC1-12
Added Pin To Net: NetName=g0 Pin=JP1-2
Added Net: Name=g0
Added Pin To Net: NetName=g1 Pin=IC1-13
Added Pin To Net: NetName=g1 Pin=JP2-2
Added Net: Name=g1
Added Pin To Net: NetName=GND Pin=C3-2
Added Pin To Net: NetName=GND Pin=C4-1
Added Pin To Net: NetName=GND Pin=C5-1
Added Pin To Net: NetName=GND Pin=C6-2
Added Pin To Net: NetName=GND Pin=C7-1
Added Pin To Net: NetName=GND Pin=C8-1
Added Pin To Net: NetName=GND Pin=C9-1
Added Pin To Net: NetName=GND Pin=C10-2
Added Pin To Net: NetName=GND Pin=C11-1
Added Pin To Net: NetName=GND Pin=C12-1
Added Pin To Net: NetName=GND Pin=C13-1
Added Pin To Net: NetName=GND Pin=C14-1
Added Pin To Net: NetName=GND Pin=C15-1
Added Pin To Net: NetName=GND Pin=IC1-32
Added Pin To Net: NetName=GND Pin=IC1-49
Added Pin To Net: NetName=GND Pin=IC1-51
Added Pin To Net: NetName=GND Pin=IC1-57
Added Pin To Net: NetName=GND Pin=J1-5
Added Pin To Net: NetName=GND Pin=J1-8
Added Pin To Net: NetName=GND Pin=J1-MH1
Added Pin To Net: NetName=GND Pin=J1-MH2
Added Pin To Net: NetName=GND Pin=J1-MH3
Added Pin To Net: NetName=GND Pin=J1-MH4
Added Pin To Net: NetName=GND Pin=J1-MH5
Added Pin To Net: NetName=GND Pin=J1-MP1
Added Pin To Net: NetName=GND Pin=K1-5
Added Pin To Net: NetName=GND Pin=K1-11
Added Pin To Net: NetName=GND Pin=K2-5
Added Pin To Net: NetName=GND Pin=K2-11
Added Pin To Net: NetName=GND Pin=U1-1
Added Pin To Net: NetName=GND Pin=Y1-2
Added Pin To Net: NetName=GND Pin=Y1-4
Added Net: Name=GND
Added Pin To Net: NetName=NetC3_1 Pin=C3-1
Added Pin To Net: NetName=NetC3_1 Pin=C4-2
Added Pin To Net: NetName=NetC3_1 Pin=U1-3
Added Net: Name=NetC3_1
Added Pin To Net: NetName=NetJP1_1 Pin=JP1-1
Added Net: Name=NetJP1_1
Added Pin To Net: NetName=NetJP2_1 Pin=JP2-1
Added Net: Name=NetJP2_1
Added Pin To Net: NetName=oe Pin=IC1-9
Added Pin To Net: NetName=oe Pin=K2-3
Added Net: Name=oe
Added Pin To Net: NetName=rd Pin=IC1-8
Added Pin To Net: NetName=rd Pin=K2-2
Added Net: Name=rd
Added Pin To Net: NetName=ref Pin=IC1-21
Added Net: Name=ref
Added Pin To Net: NetName=rst Pin=C8-2
Added Pin To Net: NetName=rst Pin=IC1-10
Added Net: Name=rst
Added Pin To Net: NetName=rx_N Pin=IC1-27
Added Pin To Net: NetName=rx_N Pin=J1-9
Added Net: Name=rx_N
Added Pin To Net: NetName=rx_P Pin=IC1-28
Added Pin To Net: NetName=rx_P Pin=J1-10
Added Net: Name=rx_P
Added Pin To Net: NetName=rxf Pin=IC1-5
Added Pin To Net: NetName=rxf Pin=K2-8
Added Net: Name=rxf
Added Pin To Net: NetName=siwu Pin=IC1-6
Added Net: Name=siwu
Added Pin To Net: NetName=t_N Pin=C1-1
Added Pin To Net: NetName=t_N Pin=J1-6
Added Net: Name=t_N
Added Pin To Net: NetName=t_P Pin=C2-1
Added Pin To Net: NetName=t_P Pin=J1-7
Added Net: Name=t_P
Added Pin To Net: NetName=tx_N Pin=C1-2
Added Pin To Net: NetName=tx_N Pin=IC1-24
Added Net: Name=tx_N
Added Pin To Net: NetName=tx_P Pin=C2-2
Added Pin To Net: NetName=tx_P Pin=IC1-25
Added Net: Name=tx_P
Added Pin To Net: NetName=txe Pin=IC1-4
Added Pin To Net: NetName=txe Pin=K2-7
Added Net: Name=txe
Added Pin To Net: NetName=VB Pin=C7-2
Added Pin To Net: NetName=VB Pin=J1-1
Added Net: Name=VB
Added Pin To Net: NetName=Vbus Pin=IC1-29
Added Net: Name=Vbus
Added Pin To Net: NetName=wake Pin=IC1-11
Added Net: Name=wake
Added Pin To Net: NetName=wr Pin=IC1-7
Added Pin To Net: NetName=wr Pin=K2-9
Added Net: Name=wr
Added Pin To Net: NetName=xi Pin=C10-1
Added Pin To Net: NetName=xi Pin=IC1-16
Added Pin To Net: NetName=xi Pin=Y1-1
Added Net: Name=xi
Added Pin To Net: NetName=xo Pin=C9-2
Added Pin To Net: NetName=xo Pin=IC1-17
Added Pin To Net: NetName=xo Pin=Y1-3
Added Net: Name=xo
Added Class: Name=ft600
Added Differential Pair: Name=d
Added Differential Pair: Name=rx
Added Differential Pair: Name=t
Added Differential Pair: Name=tx
Added Room: Name=ft600
